#
# There is insufficient memory for the Java Runtime Environment to continue.
# Native memory allocation (malloc) failed to allocate 32744 bytes for ChunkPool::allocate
# Possible reasons:
#   The system is out of physical RAM or swap space
#   The process is running with CompressedOops enabled, and the Java Heap may be blocking the growth of the native heap
# Possible solutions:
#   Reduce memory load on the system
#   Increase physical memory or swap space
#   Check if swap backing store is full
#   Decrease Java heap size (-Xmx/-Xms)
#   Decrease number of Java threads
#   Decrease Java thread stack sizes (-Xss)
#   Set larger code cache with -XX:ReservedCodeCacheSize=
#   JVM is running with Unscaled Compressed Oops mode in which the Java heap is
#     placed in the first 4GB address space. The Java Heap base address is the
#     maximum limit for the native heap growth. Please use -XX:HeapBaseMinAddress
#     to set the Java Heap base and to place the Java Heap above 4GB virtual address.
# This output file may be truncated or incomplete.
#
#  Out of Memory Error (arena.cpp:79), pid=9384, tid=11748
#
# JRE version: OpenJDK Runtime Environment (17.0.10) (build 17.0.10+0--11609105)
# Java VM: OpenJDK 64-Bit Server VM (17.0.10+0--11609105, mixed mode, tiered, compressed oops, compressed class ptrs, g1 gc, windows-amd64)
# No core dump will be written. Minidumps are not enabled by default on client versions of Windows
#

---------------  S U M M A R Y ------------

Command Line: --add-opens=java.base/java.util=ALL-UNNAMED --add-opens=java.base/java.lang=ALL-UNNAMED --add-opens=java.base/java.lang.invoke=ALL-UNNAMED --add-opens=java.prefs/java.util.prefs=ALL-UNNAMED --add-opens=java.base/java.nio.charset=ALL-UNNAMED --add-opens=java.base/java.net=ALL-UNNAMED --add-opens=java.base/java.util.concurrent.atomic=ALL-UNNAMED -Xmx2048m -Dfile.encoding=UTF-8 -Duser.country -Duser.language=en -Duser.variant -javaagent:C:\Users\Admin\.gradle\wrapper\dists\gradle-8.7-bin\bhs2wmbdwecv87pi65oeuq5iu\gradle-8.7\lib\agents\gradle-instrumentation-agent-8.7.jar org.gradle.launcher.daemon.bootstrap.GradleDaemon 8.7

Host: 11th Gen Intel(R) Core(TM) i5-1135G7 @ 2.40GHz, 8 cores, 11G,  Windows 11 , 64 bit Build 22621 (10.0.22621.4391)
Time: Wed Dec 11 12:37:21 2024 SE Asia Standard Time elapsed time: 43.398992 seconds (0d 0h 0m 43s)

---------------  T H R E A D  ---------------

Current thread (0x000002179e5b9f30):  JavaThread "C2 CompilerThread1" daemon [_thread_in_native, id=11748, stack(0x000000d899300000,0x000000d899400000)]


Current CompileTask:
C2:  43399 16532       4       org.gradle.internal.service.DefaultServiceRegistry$SingletonService::get (5 bytes)

Stack: [0x000000d899300000,0x000000d899400000]
Native frames: (J=compiled Java code, j=interpreted, Vv=VM code, C=native code)
V  [jvm.dll+0x688de9]
V  [jvm.dll+0x8423da]
V  [jvm.dll+0x84401e]
V  [jvm.dll+0x844683]
V  [jvm.dll+0x24be0f]
V  [jvm.dll+0xac721]
V  [jvm.dll+0xacb6c]
V  [jvm.dll+0xac62b]
V  [jvm.dll+0x82acec]
V  [jvm.dll+0x59559d]
V  [jvm.dll+0x591731]
V  [jvm.dll+0x5914c3]
V  [jvm.dll+0x5906d8]
V  [jvm.dll+0x226452]
V  [jvm.dll+0x22683f]
V  [jvm.dll+0x21f966]
V  [jvm.dll+0x21cdb1]
V  [jvm.dll+0x1a60ad]
V  [jvm.dll+0x22cd78]
V  [jvm.dll+0x22aeb0]
V  [jvm.dll+0x7f6877]
V  [jvm.dll+0x7f0c7a]
V  [jvm.dll+0x687c65]
C  [ucrtbase.dll+0x29333]
C  [KERNEL32.DLL+0x1259d]
C  [ntdll.dll+0x5af38]


---------------  P R O C E S S  ---------------

Threads class SMR info:
_java_thread_list=0x0000021799340e20, length=43, elements={
0x00000217f06ac540, 0x0000021793023060, 0x0000021793023c20, 0x00000217930672a0,
0x0000021793067e60, 0x000002179306a930, 0x000002179306d300, 0x000002179306e0a0,
0x000002179307a060, 0x000002179307aa60, 0x000002179321a820, 0x00000217932b6ce0,
0x0000021795356b90, 0x0000021795b52ac0, 0x0000021794cd89a0, 0x00000217948456e0,
0x0000021795596440, 0x00000217956faec0, 0x00000217956fb3d0, 0x00000217956f7c20,
0x00000217956f9060, 0x00000217956f9a80, 0x000002179775c320, 0x000002179775b3f0,
0x0000021796542680, 0x0000021796540820, 0x00000217961fc5d0, 0x000002179e0848e0,
0x000002179e0839b0, 0x000002179e083ec0, 0x000002179e0885a0, 0x000002179e088ab0,
0x000002179e082f90, 0x000002179e0843d0, 0x000002179e084df0, 0x000002179e082570,
0x000002179e5b9f30, 0x000002179e0834a0, 0x000002179e5b4a30, 0x000002179e085300,
0x000002179e085810, 0x000002179e086230, 0x000002179e088fc0
}

Java Threads: ( => current thread )
  0x00000217f06ac540 JavaThread "main" [_thread_blocked, id=1836, stack(0x000000d896600000,0x000000d896700000)]
  0x0000021793023060 JavaThread "Reference Handler" daemon [_thread_blocked, id=14180, stack(0x000000d896d00000,0x000000d896e00000)]
  0x0000021793023c20 JavaThread "Finalizer" daemon [_thread_blocked, id=15368, stack(0x000000d896e00000,0x000000d896f00000)]
  0x00000217930672a0 JavaThread "Signal Dispatcher" daemon [_thread_blocked, id=11228, stack(0x000000d896f00000,0x000000d897000000)]
  0x0000021793067e60 JavaThread "Attach Listener" daemon [_thread_blocked, id=2096, stack(0x000000d897000000,0x000000d897100000)]
  0x000002179306a930 JavaThread "Service Thread" daemon [_thread_blocked, id=8252, stack(0x000000d897100000,0x000000d897200000)]
  0x000002179306d300 JavaThread "Monitor Deflation Thread" daemon [_thread_blocked, id=13696, stack(0x000000d897200000,0x000000d897300000)]
  0x000002179306e0a0 JavaThread "C2 CompilerThread0" daemon [_thread_in_native, id=10732, stack(0x000000d897300000,0x000000d897400000)]
  0x000002179307a060 JavaThread "C1 CompilerThread0" daemon [_thread_in_native, id=16788, stack(0x000000d897400000,0x000000d897500000)]
  0x000002179307aa60 JavaThread "Sweeper thread" daemon [_thread_blocked, id=22420, stack(0x000000d897500000,0x000000d897600000)]
  0x000002179321a820 JavaThread "Common-Cleaner" daemon [_thread_blocked, id=13124, stack(0x000000d897600000,0x000000d897700000)]
  0x00000217932b6ce0 JavaThread "Notification Thread" daemon [_thread_blocked, id=7008, stack(0x000000d897700000,0x000000d897800000)]
  0x0000021795356b90 JavaThread "Daemon health stats" [_thread_blocked, id=8592, stack(0x000000d897e00000,0x000000d897f00000)]
  0x0000021795b52ac0 JavaThread "Incoming local TCP Connector on port 52833" [_thread_in_native, id=12896, stack(0x000000d897f00000,0x000000d898000000)]
  0x0000021794cd89a0 JavaThread "Daemon periodic checks" [_thread_blocked, id=7368, stack(0x000000d898000000,0x000000d898100000)]
  0x00000217948456e0 JavaThread "Daemon" [_thread_blocked, id=6572, stack(0x000000d898100000,0x000000d898200000)]
  0x0000021795596440 JavaThread "Daemon worker" [_thread_in_vm, id=17304, stack(0x000000d898400000,0x000000d898500000)]
  0x00000217956faec0 JavaThread "Cache worker for journal cache (C:\Users\Admin\.gradle\caches\journal-1)" [_thread_blocked, id=112, stack(0x000000d898c00000,0x000000d898d00000)]
  0x00000217956fb3d0 JavaThread "File lock request listener" [_thread_in_native, id=3632, stack(0x000000d898d00000,0x000000d898e00000)]
  0x00000217956f7c20 JavaThread "Cache worker for file hash cache (C:\Users\Admin\.gradle\caches\8.7\fileHashes)" [_thread_blocked, id=11152, stack(0x000000d898e00000,0x000000d898f00000)]
  0x00000217956f9060 JavaThread "File watcher server" daemon [_thread_in_native, id=12020, stack(0x000000d899000000,0x000000d899100000)]
  0x00000217956f9a80 JavaThread "File watcher consumer" daemon [_thread_blocked, id=19204, stack(0x000000d899100000,0x000000d899200000)]
  0x000002179775c320 JavaThread "Cache worker for file content cache (C:\Users\Admin\.gradle\caches\8.7\fileContent)" [_thread_blocked, id=18460, stack(0x000000d899500000,0x000000d899600000)]
  0x000002179775b3f0 JavaThread "Memory manager" [_thread_blocked, id=22384, stack(0x000000d89a700000,0x000000d89a800000)]
  0x0000021796542680 JavaThread "pool-3-thread-1" [_thread_blocked, id=20120, stack(0x000000d89a800000,0x000000d89a900000)]
  0x0000021796540820 JavaThread "included builds" [_thread_blocked, id=8256, stack(0x000000d89aa00000,0x000000d89ab00000)]
  0x00000217961fc5d0 JavaThread "Cache worker for Java compile cache (C:\Users\Admin\.gradle\caches\8.7\javaCompile)" [_thread_blocked, id=15320, stack(0x000000d89e800000,0x000000d89e900000)]
  0x000002179e0848e0 JavaThread "ForkJoinPool.commonPool-worker-1" daemon [_thread_blocked, id=3876, stack(0x000000d89f000000,0x000000d89f100000)]
  0x000002179e0839b0 JavaThread "ForkJoinPool.commonPool-worker-2" daemon [_thread_blocked, id=16388, stack(0x000000d8a0700000,0x000000d8a0800000)]
  0x000002179e083ec0 JavaThread "ForkJoinPool.commonPool-worker-3" daemon [_thread_blocked, id=15188, stack(0x000000d8a0800000,0x000000d8a0900000)]
  0x000002179e0885a0 JavaThread "VFS cleanup" [_thread_blocked, id=6592, stack(0x000000d897d00000,0x000000d897e00000)]
  0x000002179e088ab0 JavaThread "Handler for socket connection from /127.0.0.1:52833 to /127.0.0.1:52850" [_thread_in_native, id=22144, stack(0x000000d898500000,0x000000d898600000)]
  0x000002179e082f90 JavaThread "Cancel handler" [_thread_blocked, id=6328, stack(0x000000d898600000,0x000000d898700000)]
  0x000002179e0843d0 JavaThread "Asynchronous log dispatcher for DefaultDaemonConnection: socket connection from /127.0.0.1:52833 to /127.0.0.1:52850" [_thread_blocked, id=8808, stack(0x000000d898700000,0x000000d898800000)]
  0x000002179e084df0 JavaThread "Stdin handler" [_thread_blocked, id=21344, stack(0x000000d898f00000,0x000000d899000000)]
  0x000002179e082570 JavaThread "Daemon client event forwarder" [_thread_blocked, id=2072, stack(0x000000d899200000,0x000000d899300000)]
=>0x000002179e5b9f30 JavaThread "C2 CompilerThread1" daemon [_thread_in_native, id=11748, stack(0x000000d899300000,0x000000d899400000)]
  0x000002179e0834a0 JavaThread "Cache worker for file hash cache (E:\DACN\Fhotel\.gradle\8.7\fileHashes)" [_thread_blocked, id=1576, stack(0x000000d899400000,0x000000d899500000)]
  0x000002179e5b4a30 JavaThread "C2 CompilerThread2" daemon [_thread_in_native, id=18092, stack(0x000000d899700000,0x000000d899800000)]
  0x000002179e085300 JavaThread "Cache worker for checksums cache (E:\DACN\Fhotel\.gradle\8.7\checksums)" [_thread_blocked, id=16576, stack(0x000000d899800000,0x000000d899900000)]
  0x000002179e085810 JavaThread "Cache worker for cache directory md-supplier (C:\Users\Admin\.gradle\caches\8.7\md-supplier)" [_thread_blocked, id=13508, stack(0x000000d899900000,0x000000d899a00000)]
  0x000002179e086230 JavaThread "Cache worker for cache directory md-rule (C:\Users\Admin\.gradle\caches\8.7\md-rule)" [_thread_blocked, id=4012, stack(0x000000d899a00000,0x000000d899b00000)]
  0x000002179e088fc0 JavaThread "Cache worker for Build Output Cleanup Cache (E:\DACN\Fhotel\.gradle\buildOutputCleanup)" [_thread_blocked, id=14684, stack(0x000000d899b00000,0x000000d899c00000)]

Other Threads:
  0x00000217fb53e660 VMThread "VM Thread" [stack: 0x000000d896c00000,0x000000d896d00000] [id=14408]
  0x0000021793343a20 WatcherThread [stack: 0x000000d897800000,0x000000d897900000] [id=17116]
  0x00000217f07097f0 GCTaskThread "GC Thread#0" [stack: 0x000000d896700000,0x000000d896800000] [id=17640]
  0x0000021794130840 GCTaskThread "GC Thread#1" [stack: 0x000000d897900000,0x000000d897a00000] [id=10644]
  0x0000021793dfa380 GCTaskThread "GC Thread#2" [stack: 0x000000d897a00000,0x000000d897b00000] [id=22436]
  0x0000021793e19c00 GCTaskThread "GC Thread#3" [stack: 0x000000d897b00000,0x000000d897c00000] [id=13804]
  0x0000021793daa7e0 GCTaskThread "GC Thread#4" [stack: 0x000000d897c00000,0x000000d897d00000] [id=20564]
  0x000002179556caf0 GCTaskThread "GC Thread#5" [stack: 0x000000d898800000,0x000000d898900000] [id=21876]
  0x0000021793edcf30 GCTaskThread "GC Thread#6" [stack: 0x000000d898900000,0x000000d898a00000] [id=16728]
  0x0000021794845bc0 GCTaskThread "GC Thread#7" [stack: 0x000000d898a00000,0x000000d898b00000] [id=18568]
  0x00000217f071a740 ConcurrentGCThread "G1 Main Marker" [stack: 0x000000d896800000,0x000000d896900000] [id=19008]
  0x00000217f071b900 ConcurrentGCThread "G1 Conc#0" [stack: 0x000000d896900000,0x000000d896a00000] [id=11008]
  0x0000021794884370 ConcurrentGCThread "G1 Conc#1" [stack: 0x000000d898b00000,0x000000d898c00000] [id=21288]
  0x00000217f075e820 ConcurrentGCThread "G1 Refine#0" [stack: 0x000000d896a00000,0x000000d896b00000] [id=14756]
  0x0000021793eccfb0 ConcurrentGCThread "G1 Refine#1" [stack: 0x000000d899600000,0x000000d899700000] [id=7304]
  0x00000217fb3b28c0 ConcurrentGCThread "G1 Service" [stack: 0x000000d896b00000,0x000000d896c00000] [id=8132]

Threads with active compile tasks:
C2 CompilerThread0    43416 16583       4       org.antlr.v4.runtime.CommonTokenStream::LT (75 bytes)
C1 CompilerThread0    43416 16628       3       jdk.internal.reflect.AccessorGenerator::emitBoxingContantPoolEntries (1439 bytes)
C2 CompilerThread1    43416 16532       4       org.gradle.internal.service.DefaultServiceRegistry$SingletonService::get (5 bytes)
C2 CompilerThread2    43416 16551   !   4       org.gradle.internal.service.DefaultServiceRegistry$ManagedObjectServiceProvider::getInstance (47 bytes)

VM state: not at safepoint (normal execution)

VM Mutex/Monitor currently owned by a thread: None

Heap address: 0x0000000080000000, size: 2048 MB, Compressed Oops mode: 32-bit

CDS archive(s) not mapped
Compressed class space mapped at: 0x0000000100000000-0x0000000140000000, reserved size: 1073741824
Narrow klass base: 0x0000000000000000, Narrow klass shift: 3, Narrow klass range: 0x140000000

GC Precious Log:
 CPUs: 8 total, 8 available
 Memory: 12022M
 Large Page Support: Disabled
 NUMA Support: Disabled
 Compressed Oops: Enabled (32-bit)
 Heap Region Size: 1M
 Heap Min Capacity: 8M
 Heap Initial Capacity: 188M
 Heap Max Capacity: 2G
 Pre-touch: Disabled
 Parallel Workers: 8
 Concurrent Workers: 2
 Concurrent Refinement Workers: 8
 Periodic GC: Disabled

Heap:
 garbage-first heap   total 346112K, used 138962K [0x0000000080000000, 0x0000000100000000)
  region size 1024K, 23 young (23552K), 8 survivors (8192K)
 Metaspace       used 135718K, committed 136576K, reserved 1179648K
  class space    used 18598K, committed 19008K, reserved 1048576K

Heap Regions: E=young(eden), S=young(survivor), O=old, HS=humongous(starts), HC=humongous(continues), CS=collection set, F=free, OA=open archive, CA=closed archive, TAMS=top-at-mark-start (previous, next)
|   0|0x0000000080000000, 0x0000000080100000, 0x0000000080100000|100%|HS|  |TAMS 0x0000000080100000, 0x0000000080000000| Complete 
|   1|0x0000000080100000, 0x0000000080200000, 0x0000000080200000|100%|HC|  |TAMS 0x0000000080200000, 0x0000000080100000| Complete 
|   2|0x0000000080200000, 0x0000000080300000, 0x0000000080300000|100%|HC|  |TAMS 0x0000000080300000, 0x0000000080200000| Complete 
|   3|0x0000000080300000, 0x0000000080400000, 0x0000000080400000|100%|HC|  |TAMS 0x0000000080400000, 0x0000000080300000| Complete 
|   4|0x0000000080400000, 0x0000000080500000, 0x0000000080500000|100%| O|  |TAMS 0x0000000080500000, 0x0000000080400000| Untracked 
|   5|0x0000000080500000, 0x0000000080600000, 0x0000000080600000|100%| O|  |TAMS 0x0000000080600000, 0x0000000080500000| Untracked 
|   6|0x0000000080600000, 0x0000000080700000, 0x0000000080700000|100%| O|  |TAMS 0x0000000080700000, 0x0000000080600000| Untracked 
|   7|0x0000000080700000, 0x0000000080800000, 0x0000000080800000|100%| O|  |TAMS 0x0000000080800000, 0x0000000080700000| Untracked 
|   8|0x0000000080800000, 0x0000000080900000, 0x0000000080900000|100%| O|  |TAMS 0x0000000080900000, 0x0000000080800000| Untracked 
|   9|0x0000000080900000, 0x0000000080a00000, 0x0000000080a00000|100%| O|  |TAMS 0x0000000080a00000, 0x0000000080900000| Untracked 
|  10|0x0000000080a00000, 0x0000000080aa2800, 0x0000000080b00000| 63%| O|  |TAMS 0x0000000080aa2800, 0x0000000080a00000| Untracked 
|  11|0x0000000080b00000, 0x0000000080c00000, 0x0000000080c00000|100%| O|  |TAMS 0x0000000080c00000, 0x0000000080b00000| Untracked 
|  12|0x0000000080c00000, 0x0000000080d00000, 0x0000000080d00000|100%| O|  |TAMS 0x0000000080d00000, 0x0000000080c00000| Untracked 
|  13|0x0000000080d00000, 0x0000000080e00000, 0x0000000080e00000|100%| O|  |TAMS 0x0000000080e00000, 0x0000000080d00000| Untracked 
|  14|0x0000000080e00000, 0x0000000080f00000, 0x0000000080f00000|100%| O|  |TAMS 0x0000000080f00000, 0x0000000080e00000| Untracked 
|  15|0x0000000080f00000, 0x0000000081000000, 0x0000000081000000|100%| O|  |TAMS 0x0000000081000000, 0x0000000080f00000| Untracked 
|  16|0x0000000081000000, 0x0000000081100000, 0x0000000081100000|100%| O|  |TAMS 0x0000000081100000, 0x0000000081000000| Untracked 
|  17|0x0000000081100000, 0x0000000081200000, 0x0000000081200000|100%| O|  |TAMS 0x0000000081200000, 0x0000000081100000| Untracked 
|  18|0x0000000081200000, 0x0000000081300000, 0x0000000081300000|100%| O|  |TAMS 0x0000000081300000, 0x0000000081200000| Untracked 
|  19|0x0000000081300000, 0x0000000081400000, 0x0000000081400000|100%| O|  |TAMS 0x0000000081400000, 0x0000000081300000| Untracked 
|  20|0x0000000081400000, 0x0000000081500000, 0x0000000081500000|100%| O|  |TAMS 0x0000000081500000, 0x0000000081400000| Untracked 
|  21|0x0000000081500000, 0x0000000081600000, 0x0000000081600000|100%| O|  |TAMS 0x0000000081600000, 0x0000000081500000| Untracked 
|  22|0x0000000081600000, 0x0000000081700000, 0x0000000081700000|100%| O|  |TAMS 0x0000000081700000, 0x0000000081600000| Untracked 
|  23|0x0000000081700000, 0x0000000081800000, 0x0000000081800000|100%| O|  |TAMS 0x0000000081700000, 0x0000000081700000| Untracked 
|  24|0x0000000081800000, 0x0000000081900000, 0x0000000081900000|100%| O|  |TAMS 0x0000000081900000, 0x0000000081800000| Untracked 
|  25|0x0000000081900000, 0x0000000081a00000, 0x0000000081a00000|100%| O|  |TAMS 0x0000000081a00000, 0x0000000081900000| Untracked 
|  26|0x0000000081a00000, 0x0000000081b00000, 0x0000000081b00000|100%| O|  |TAMS 0x0000000081b00000, 0x0000000081a00000| Untracked 
|  27|0x0000000081b00000, 0x0000000081c00000, 0x0000000081c00000|100%| O|  |TAMS 0x0000000081c00000, 0x0000000081b00000| Untracked 
|  28|0x0000000081c00000, 0x0000000081d00000, 0x0000000081d00000|100%| O|  |TAMS 0x0000000081d00000, 0x0000000081c00000| Untracked 
|  29|0x0000000081d00000, 0x0000000081e00000, 0x0000000081e00000|100%| O|  |TAMS 0x0000000081e00000, 0x0000000081d00000| Untracked 
|  30|0x0000000081e00000, 0x0000000081f00000, 0x0000000081f00000|100%| O|  |TAMS 0x0000000081f00000, 0x0000000081e00000| Untracked 
|  31|0x0000000081f00000, 0x0000000082000000, 0x0000000082000000|100%| O|  |TAMS 0x0000000082000000, 0x0000000081f00000| Untracked 
|  32|0x0000000082000000, 0x0000000082100000, 0x0000000082100000|100%| O|  |TAMS 0x0000000082100000, 0x0000000082000000| Untracked 
|  33|0x0000000082100000, 0x0000000082200000, 0x0000000082200000|100%| O|  |TAMS 0x0000000082200000, 0x0000000082100000| Untracked 
|  34|0x0000000082200000, 0x0000000082300000, 0x0000000082300000|100%|HS|  |TAMS 0x0000000082300000, 0x0000000082200000| Complete 
|  35|0x0000000082300000, 0x0000000082400000, 0x0000000082400000|100%|HS|  |TAMS 0x0000000082400000, 0x0000000082300000| Complete 
|  36|0x0000000082400000, 0x0000000082500000, 0x0000000082500000|100%|HS|  |TAMS 0x0000000082500000, 0x0000000082400000| Complete 
|  37|0x0000000082500000, 0x0000000082600000, 0x0000000082600000|100%|HS|  |TAMS 0x0000000082600000, 0x0000000082500000| Complete 
|  38|0x0000000082600000, 0x0000000082700000, 0x0000000082700000|100%| O|  |TAMS 0x0000000082700000, 0x0000000082600000| Untracked 
|  39|0x0000000082700000, 0x0000000082800000, 0x0000000082800000|100%|HS|  |TAMS 0x0000000082800000, 0x0000000082700000| Complete 
|  40|0x0000000082800000, 0x0000000082900000, 0x0000000082900000|100%|HS|  |TAMS 0x0000000082900000, 0x0000000082800000| Complete 
|  41|0x0000000082900000, 0x0000000082a00000, 0x0000000082a00000|100%| O|  |TAMS 0x0000000082a00000, 0x0000000082900000| Untracked 
|  42|0x0000000082a00000, 0x0000000082b00000, 0x0000000082b00000|100%|HS|  |TAMS 0x0000000082b00000, 0x0000000082a00000| Complete 
|  43|0x0000000082b00000, 0x0000000082c00000, 0x0000000082c00000|100%| O|  |TAMS 0x0000000082c00000, 0x0000000082b00000| Untracked 
|  44|0x0000000082c00000, 0x0000000082d00000, 0x0000000082d00000|100%| O|  |TAMS 0x0000000082d00000, 0x0000000082c00000| Untracked 
|  45|0x0000000082d00000, 0x0000000082e00000, 0x0000000082e00000|100%| O|  |TAMS 0x0000000082e00000, 0x0000000082d00000| Untracked 
|  46|0x0000000082e00000, 0x0000000082f00000, 0x0000000082f00000|100%| O|  |TAMS 0x0000000082f00000, 0x0000000082e00000| Untracked 
|  47|0x0000000082f00000, 0x0000000083000000, 0x0000000083000000|100%| O|  |TAMS 0x0000000083000000, 0x0000000082f00000| Untracked 
|  48|0x0000000083000000, 0x0000000083100000, 0x0000000083100000|100%| O|  |TAMS 0x0000000083100000, 0x0000000083000000| Untracked 
|  49|0x0000000083100000, 0x0000000083200000, 0x0000000083200000|100%| O|  |TAMS 0x0000000083200000, 0x0000000083100000| Untracked 
|  50|0x0000000083200000, 0x0000000083300000, 0x0000000083300000|100%| O|  |TAMS 0x0000000083300000, 0x0000000083200000| Untracked 
|  51|0x0000000083300000, 0x0000000083400000, 0x0000000083400000|100%| O|  |TAMS 0x0000000083400000, 0x0000000083300000| Untracked 
|  52|0x0000000083400000, 0x0000000083500000, 0x0000000083500000|100%| O|  |TAMS 0x0000000083400000, 0x0000000083400000| Untracked 
|  53|0x0000000083500000, 0x0000000083600000, 0x0000000083600000|100%| O|  |TAMS 0x0000000083600000, 0x0000000083500000| Untracked 
|  54|0x0000000083600000, 0x0000000083700000, 0x0000000083700000|100%| O|  |TAMS 0x0000000083700000, 0x0000000083600000| Untracked 
|  55|0x0000000083700000, 0x0000000083800000, 0x0000000083800000|100%| O|  |TAMS 0x0000000083800000, 0x0000000083700000| Untracked 
|  56|0x0000000083800000, 0x0000000083900000, 0x0000000083900000|100%| O|  |TAMS 0x0000000083900000, 0x0000000083800000| Untracked 
|  57|0x0000000083900000, 0x0000000083a00000, 0x0000000083a00000|100%| O|  |TAMS 0x0000000083a00000, 0x0000000083900000| Untracked 
|  58|0x0000000083a00000, 0x0000000083b00000, 0x0000000083b00000|100%| O|  |TAMS 0x0000000083b00000, 0x0000000083a00000| Untracked 
|  59|0x0000000083b00000, 0x0000000083c00000, 0x0000000083c00000|100%| O|  |TAMS 0x0000000083c00000, 0x0000000083b00000| Untracked 
|  60|0x0000000083c00000, 0x0000000083d00000, 0x0000000083d00000|100%| O|  |TAMS 0x0000000083d00000, 0x0000000083c00000| Untracked 
|  61|0x0000000083d00000, 0x0000000083e00000, 0x0000000083e00000|100%| O|  |TAMS 0x0000000083e00000, 0x0000000083d00000| Untracked 
|  62|0x0000000083e00000, 0x0000000083f00000, 0x0000000083f00000|100%| O|  |TAMS 0x0000000083f00000, 0x0000000083e00000| Untracked 
|  63|0x0000000083f00000, 0x0000000084000000, 0x0000000084000000|100%| O|  |TAMS 0x0000000084000000, 0x0000000083f00000| Untracked 
|  64|0x0000000084000000, 0x0000000084100000, 0x0000000084100000|100%| O|  |TAMS 0x0000000084100000, 0x0000000084000000| Untracked 
|  65|0x0000000084100000, 0x0000000084100000, 0x0000000084200000|  0%| F|  |TAMS 0x0000000084100000, 0x0000000084100000| Untracked 
|  66|0x0000000084200000, 0x0000000084200000, 0x0000000084300000|  0%| F|  |TAMS 0x0000000084200000, 0x0000000084200000| Untracked 
|  67|0x0000000084300000, 0x0000000084400000, 0x0000000084400000|100%| O|  |TAMS 0x0000000084300000, 0x0000000084300000| Untracked 
|  68|0x0000000084400000, 0x0000000084500000, 0x0000000084500000|100%| O|  |TAMS 0x0000000084500000, 0x0000000084400000| Untracked 
|  69|0x0000000084500000, 0x0000000084600000, 0x0000000084600000|100%| O|  |TAMS 0x0000000084600000, 0x0000000084500000| Untracked 
|  70|0x0000000084600000, 0x0000000084700000, 0x0000000084700000|100%| O|  |TAMS 0x0000000084700000, 0x0000000084600000| Untracked 
|  71|0x0000000084700000, 0x0000000084800000, 0x0000000084800000|100%| O|  |TAMS 0x0000000084800000, 0x0000000084700000| Untracked 
|  72|0x0000000084800000, 0x0000000084900000, 0x0000000084900000|100%| O|  |TAMS 0x0000000084900000, 0x0000000084800000| Untracked 
|  73|0x0000000084900000, 0x0000000084a00000, 0x0000000084a00000|100%| O|  |TAMS 0x0000000084a00000, 0x0000000084900000| Untracked 
|  74|0x0000000084a00000, 0x0000000084b00000, 0x0000000084b00000|100%| O|  |TAMS 0x0000000084b00000, 0x0000000084a00000| Untracked 
|  75|0x0000000084b00000, 0x0000000084c00000, 0x0000000084c00000|100%| O|  |TAMS 0x0000000084c00000, 0x0000000084b00000| Untracked 
|  76|0x0000000084c00000, 0x0000000084d00000, 0x0000000084d00000|100%| O|  |TAMS 0x0000000084d00000, 0x0000000084c00000| Untracked 
|  77|0x0000000084d00000, 0x0000000084e00000, 0x0000000084e00000|100%| O|  |TAMS 0x0000000084e00000, 0x0000000084d00000| Untracked 
|  78|0x0000000084e00000, 0x0000000084f00000, 0x0000000084f00000|100%| O|  |TAMS 0x0000000084f00000, 0x0000000084e00000| Untracked 
|  79|0x0000000084f00000, 0x0000000085000000, 0x0000000085000000|100%| O|  |TAMS 0x0000000085000000, 0x0000000084f00000| Untracked 
|  80|0x0000000085000000, 0x0000000085100000, 0x0000000085100000|100%| O|  |TAMS 0x0000000085100000, 0x0000000085000000| Untracked 
|  81|0x0000000085100000, 0x0000000085200000, 0x0000000085200000|100%| O|  |TAMS 0x0000000085200000, 0x0000000085100000| Untracked 
|  82|0x0000000085200000, 0x0000000085300000, 0x0000000085300000|100%| O|  |TAMS 0x0000000085300000, 0x0000000085200000| Untracked 
|  83|0x0000000085300000, 0x0000000085400000, 0x0000000085400000|100%| O|  |TAMS 0x0000000085400000, 0x0000000085300000| Untracked 
|  84|0x0000000085400000, 0x0000000085500000, 0x0000000085500000|100%| O|  |TAMS 0x0000000085500000, 0x0000000085400000| Untracked 
|  85|0x0000000085500000, 0x0000000085600000, 0x0000000085600000|100%| O|  |TAMS 0x0000000085600000, 0x0000000085500000| Untracked 
|  86|0x0000000085600000, 0x0000000085700000, 0x0000000085700000|100%| O|  |TAMS 0x0000000085700000, 0x0000000085600000| Untracked 
|  87|0x0000000085700000, 0x0000000085800000, 0x0000000085800000|100%| O|  |TAMS 0x0000000085800000, 0x0000000085700000| Untracked 
|  88|0x0000000085800000, 0x0000000085900000, 0x0000000085900000|100%| O|  |TAMS 0x0000000085900000, 0x0000000085800000| Untracked 
|  89|0x0000000085900000, 0x0000000085a00000, 0x0000000085a00000|100%| O|  |TAMS 0x0000000085a00000, 0x0000000085900000| Untracked 
|  90|0x0000000085a00000, 0x0000000085b00000, 0x0000000085b00000|100%| O|  |TAMS 0x0000000085b00000, 0x0000000085a00000| Untracked 
|  91|0x0000000085b00000, 0x0000000085c00000, 0x0000000085c00000|100%| O|  |TAMS 0x0000000085c00000, 0x0000000085b00000| Untracked 
|  92|0x0000000085c00000, 0x0000000085d00000, 0x0000000085d00000|100%| O|  |TAMS 0x0000000085d00000, 0x0000000085c00000| Untracked 
|  93|0x0000000085d00000, 0x0000000085e00000, 0x0000000085e00000|100%|HS|  |TAMS 0x0000000085e00000, 0x0000000085d00000| Complete 
|  94|0x0000000085e00000, 0x0000000085f00000, 0x0000000085f00000|100%|HC|  |TAMS 0x0000000085f00000, 0x0000000085e00000| Complete 
|  95|0x0000000085f00000, 0x0000000086000000, 0x0000000086000000|100%| O|  |TAMS 0x0000000086000000, 0x0000000085f00000| Untracked 
|  96|0x0000000086000000, 0x0000000086100000, 0x0000000086100000|100%| O|  |TAMS 0x0000000086100000, 0x0000000086000000| Untracked 
|  97|0x0000000086100000, 0x0000000086200000, 0x0000000086200000|100%| O|  |TAMS 0x0000000086200000, 0x0000000086100000| Untracked 
|  98|0x0000000086200000, 0x0000000086300000, 0x0000000086300000|100%| O|  |TAMS 0x0000000086300000, 0x0000000086200000| Untracked 
|  99|0x0000000086300000, 0x0000000086400000, 0x0000000086400000|100%| O|  |TAMS 0x0000000086400000, 0x0000000086300000| Untracked 
| 100|0x0000000086400000, 0x0000000086500000, 0x0000000086500000|100%| O|  |TAMS 0x0000000086500000, 0x0000000086400000| Untracked 
| 101|0x0000000086500000, 0x0000000086600000, 0x0000000086600000|100%| O|  |TAMS 0x0000000086600000, 0x0000000086500000| Untracked 
| 102|0x0000000086600000, 0x0000000086700000, 0x0000000086700000|100%| O|  |TAMS 0x0000000086700000, 0x0000000086600000| Untracked 
| 103|0x0000000086700000, 0x0000000086700000, 0x0000000086800000|  0%| F|  |TAMS 0x0000000086700000, 0x0000000086700000| Untracked 
| 104|0x0000000086800000, 0x0000000086900000, 0x0000000086900000|100%| O|  |TAMS 0x0000000086900000, 0x0000000086800000| Untracked 
| 105|0x0000000086900000, 0x0000000086900000, 0x0000000086a00000|  0%| F|  |TAMS 0x0000000086900000, 0x0000000086900000| Untracked 
| 106|0x0000000086a00000, 0x0000000086a00000, 0x0000000086b00000|  0%| F|  |TAMS 0x0000000086a00000, 0x0000000086a00000| Untracked 
| 107|0x0000000086b00000, 0x0000000086c00000, 0x0000000086c00000|100%| O|  |TAMS 0x0000000086c00000, 0x0000000086b00000| Untracked 
| 108|0x0000000086c00000, 0x0000000086c00000, 0x0000000086d00000|  0%| F|  |TAMS 0x0000000086c00000, 0x0000000086c00000| Untracked 
| 109|0x0000000086d00000, 0x0000000086d00000, 0x0000000086e00000|  0%| F|  |TAMS 0x0000000086d00000, 0x0000000086d00000| Untracked 
| 110|0x0000000086e00000, 0x0000000086e00000, 0x0000000086f00000|  0%| F|  |TAMS 0x0000000086e00000, 0x0000000086e00000| Untracked 
| 111|0x0000000086f00000, 0x0000000086f00000, 0x0000000087000000|  0%| F|  |TAMS 0x0000000086f00000, 0x0000000086f00000| Untracked 
| 112|0x0000000087000000, 0x0000000087100000, 0x0000000087100000|100%| O|  |TAMS 0x0000000087100000, 0x0000000087000000| Untracked 
| 113|0x0000000087100000, 0x0000000087200000, 0x0000000087200000|100%| O|  |TAMS 0x0000000087200000, 0x0000000087100000| Untracked 
| 114|0x0000000087200000, 0x0000000087300000, 0x0000000087300000|100%| O|  |TAMS 0x0000000087300000, 0x0000000087200000| Untracked 
| 115|0x0000000087300000, 0x0000000087400000, 0x0000000087400000|100%| O|  |TAMS 0x0000000087400000, 0x0000000087300000| Untracked 
| 116|0x0000000087400000, 0x0000000087500000, 0x0000000087500000|100%| O|  |TAMS 0x0000000087500000, 0x0000000087400000| Untracked 
| 117|0x0000000087500000, 0x0000000087600000, 0x0000000087600000|100%| O|  |TAMS 0x0000000087600000, 0x0000000087500000| Untracked 
| 118|0x0000000087600000, 0x0000000087700000, 0x0000000087700000|100%| O|  |TAMS 0x00000000876de600, 0x0000000087600000| Untracked 
| 119|0x0000000087700000, 0x0000000087800000, 0x0000000087800000|100%| O|  |TAMS 0x0000000087700000, 0x0000000087700000| Untracked 
| 120|0x0000000087800000, 0x0000000087900000, 0x0000000087900000|100%| O|  |TAMS 0x0000000087800000, 0x0000000087800000| Untracked 
| 121|0x0000000087900000, 0x0000000087a00000, 0x0000000087a00000|100%| O|  |TAMS 0x0000000087900000, 0x0000000087900000| Untracked 
| 122|0x0000000087a00000, 0x0000000087b00000, 0x0000000087b00000|100%| O|  |TAMS 0x0000000087a00000, 0x0000000087a00000| Untracked 
| 123|0x0000000087b00000, 0x0000000087b33a00, 0x0000000087c00000| 20%| O|  |TAMS 0x0000000087b00000, 0x0000000087b00000| Untracked 
| 124|0x0000000087c00000, 0x0000000087c00000, 0x0000000087d00000|  0%| F|  |TAMS 0x0000000087c00000, 0x0000000087c00000| Untracked 
| 125|0x0000000087d00000, 0x0000000087d00000, 0x0000000087e00000|  0%| F|  |TAMS 0x0000000087d00000, 0x0000000087d00000| Untracked 
| 126|0x0000000087e00000, 0x0000000087e00000, 0x0000000087f00000|  0%| F|  |TAMS 0x0000000087e00000, 0x0000000087e00000| Untracked 
| 127|0x0000000087f00000, 0x0000000087f00000, 0x0000000088000000|  0%| F|  |TAMS 0x0000000087f00000, 0x0000000087f00000| Untracked 
| 128|0x0000000088000000, 0x0000000088000000, 0x0000000088100000|  0%| F|  |TAMS 0x0000000088000000, 0x0000000088000000| Untracked 
| 129|0x0000000088100000, 0x0000000088100000, 0x0000000088200000|  0%| F|  |TAMS 0x0000000088100000, 0x0000000088100000| Untracked 
| 130|0x0000000088200000, 0x0000000088200000, 0x0000000088300000|  0%| F|  |TAMS 0x0000000088200000, 0x0000000088200000| Untracked 
| 131|0x0000000088300000, 0x0000000088300000, 0x0000000088400000|  0%| F|  |TAMS 0x0000000088300000, 0x0000000088300000| Untracked 
| 132|0x0000000088400000, 0x0000000088400000, 0x0000000088500000|  0%| F|  |TAMS 0x0000000088400000, 0x0000000088400000| Untracked 
| 133|0x0000000088500000, 0x0000000088500000, 0x0000000088600000|  0%| F|  |TAMS 0x0000000088500000, 0x0000000088500000| Untracked 
| 134|0x0000000088600000, 0x0000000088600000, 0x0000000088700000|  0%| F|  |TAMS 0x0000000088600000, 0x0000000088600000| Untracked 
| 135|0x0000000088700000, 0x0000000088700000, 0x0000000088800000|  0%| F|  |TAMS 0x0000000088700000, 0x0000000088700000| Untracked 
| 136|0x0000000088800000, 0x0000000088800000, 0x0000000088900000|  0%| F|  |TAMS 0x0000000088800000, 0x0000000088800000| Untracked 
| 137|0x0000000088900000, 0x0000000088900000, 0x0000000088a00000|  0%| F|  |TAMS 0x0000000088900000, 0x0000000088900000| Untracked 
| 138|0x0000000088a00000, 0x0000000088a00000, 0x0000000088b00000|  0%| F|  |TAMS 0x0000000088a00000, 0x0000000088a00000| Untracked 
| 139|0x0000000088b00000, 0x0000000088b00000, 0x0000000088c00000|  0%| F|  |TAMS 0x0000000088b00000, 0x0000000088b00000| Untracked 
| 140|0x0000000088c00000, 0x0000000088c00000, 0x0000000088d00000|  0%| F|  |TAMS 0x0000000088c00000, 0x0000000088c00000| Untracked 
| 141|0x0000000088d00000, 0x0000000088d00000, 0x0000000088e00000|  0%| F|  |TAMS 0x0000000088d00000, 0x0000000088d00000| Untracked 
| 142|0x0000000088e00000, 0x0000000088e00000, 0x0000000088f00000|  0%| F|  |TAMS 0x0000000088e00000, 0x0000000088e00000| Untracked 
| 143|0x0000000088f00000, 0x0000000088f00000, 0x0000000089000000|  0%| F|  |TAMS 0x0000000088f00000, 0x0000000088f00000| Untracked 
| 144|0x0000000089000000, 0x0000000089000000, 0x0000000089100000|  0%| F|  |TAMS 0x0000000089000000, 0x0000000089000000| Untracked 
| 145|0x0000000089100000, 0x0000000089100000, 0x0000000089200000|  0%| F|  |TAMS 0x0000000089100000, 0x0000000089100000| Untracked 
| 146|0x0000000089200000, 0x0000000089200000, 0x0000000089300000|  0%| F|  |TAMS 0x0000000089200000, 0x0000000089200000| Untracked 
| 147|0x0000000089300000, 0x0000000089300000, 0x0000000089400000|  0%| F|  |TAMS 0x0000000089300000, 0x0000000089300000| Untracked 
| 148|0x0000000089400000, 0x0000000089400000, 0x0000000089500000|  0%| F|  |TAMS 0x0000000089400000, 0x0000000089400000| Untracked 
| 149|0x0000000089500000, 0x0000000089500000, 0x0000000089600000|  0%| F|  |TAMS 0x0000000089500000, 0x0000000089500000| Untracked 
| 150|0x0000000089600000, 0x0000000089600000, 0x0000000089700000|  0%| F|  |TAMS 0x0000000089600000, 0x0000000089600000| Untracked 
| 151|0x0000000089700000, 0x0000000089700000, 0x0000000089800000|  0%| F|  |TAMS 0x0000000089700000, 0x0000000089700000| Untracked 
| 152|0x0000000089800000, 0x0000000089800000, 0x0000000089900000|  0%| F|  |TAMS 0x0000000089800000, 0x0000000089800000| Untracked 
| 153|0x0000000089900000, 0x0000000089900000, 0x0000000089a00000|  0%| F|  |TAMS 0x0000000089900000, 0x0000000089900000| Untracked 
| 154|0x0000000089a00000, 0x0000000089a00000, 0x0000000089b00000|  0%| F|  |TAMS 0x0000000089a00000, 0x0000000089a00000| Untracked 
| 155|0x0000000089b00000, 0x0000000089b00000, 0x0000000089c00000|  0%| F|  |TAMS 0x0000000089b00000, 0x0000000089b00000| Untracked 
| 156|0x0000000089c00000, 0x0000000089c00000, 0x0000000089d00000|  0%| F|  |TAMS 0x0000000089c00000, 0x0000000089c00000| Untracked 
| 157|0x0000000089d00000, 0x0000000089d00000, 0x0000000089e00000|  0%| F|  |TAMS 0x0000000089d00000, 0x0000000089d00000| Untracked 
| 158|0x0000000089e00000, 0x0000000089e00000, 0x0000000089f00000|  0%| F|  |TAMS 0x0000000089e00000, 0x0000000089e00000| Untracked 
| 159|0x0000000089f00000, 0x0000000089f00000, 0x000000008a000000|  0%| F|  |TAMS 0x0000000089f00000, 0x0000000089f00000| Untracked 
| 160|0x000000008a000000, 0x000000008a000000, 0x000000008a100000|  0%| F|  |TAMS 0x000000008a000000, 0x000000008a000000| Untracked 
| 161|0x000000008a100000, 0x000000008a100000, 0x000000008a200000|  0%| F|  |TAMS 0x000000008a100000, 0x000000008a100000| Untracked 
| 162|0x000000008a200000, 0x000000008a200000, 0x000000008a300000|  0%| F|  |TAMS 0x000000008a200000, 0x000000008a200000| Untracked 
| 163|0x000000008a300000, 0x000000008a300000, 0x000000008a400000|  0%| F|  |TAMS 0x000000008a300000, 0x000000008a300000| Untracked 
| 164|0x000000008a400000, 0x000000008a400000, 0x000000008a500000|  0%| F|  |TAMS 0x000000008a400000, 0x000000008a400000| Untracked 
| 165|0x000000008a500000, 0x000000008a500000, 0x000000008a600000|  0%| F|  |TAMS 0x000000008a500000, 0x000000008a500000| Untracked 
| 166|0x000000008a600000, 0x000000008a600000, 0x000000008a700000|  0%| F|  |TAMS 0x000000008a600000, 0x000000008a600000| Untracked 
| 167|0x000000008a700000, 0x000000008a700000, 0x000000008a800000|  0%| F|  |TAMS 0x000000008a700000, 0x000000008a700000| Untracked 
| 168|0x000000008a800000, 0x000000008a800000, 0x000000008a900000|  0%| F|  |TAMS 0x000000008a800000, 0x000000008a800000| Untracked 
| 169|0x000000008a900000, 0x000000008a900000, 0x000000008aa00000|  0%| F|  |TAMS 0x000000008a900000, 0x000000008a900000| Untracked 
| 170|0x000000008aa00000, 0x000000008aa00000, 0x000000008ab00000|  0%| F|  |TAMS 0x000000008aa00000, 0x000000008aa00000| Untracked 
| 171|0x000000008ab00000, 0x000000008ab00000, 0x000000008ac00000|  0%| F|  |TAMS 0x000000008ab00000, 0x000000008ab00000| Untracked 
| 172|0x000000008ac00000, 0x000000008ac00000, 0x000000008ad00000|  0%| F|  |TAMS 0x000000008ac00000, 0x000000008ac00000| Untracked 
| 173|0x000000008ad00000, 0x000000008ad00000, 0x000000008ae00000|  0%| F|  |TAMS 0x000000008ad00000, 0x000000008ad00000| Untracked 
| 174|0x000000008ae00000, 0x000000008ae00000, 0x000000008af00000|  0%| F|  |TAMS 0x000000008ae00000, 0x000000008ae00000| Untracked 
| 175|0x000000008af00000, 0x000000008af00000, 0x000000008b000000|  0%| F|  |TAMS 0x000000008af00000, 0x000000008af00000| Untracked 
| 176|0x000000008b000000, 0x000000008b000000, 0x000000008b100000|  0%| F|  |TAMS 0x000000008b000000, 0x000000008b000000| Untracked 
| 177|0x000000008b100000, 0x000000008b100000, 0x000000008b200000|  0%| F|  |TAMS 0x000000008b100000, 0x000000008b100000| Untracked 
| 178|0x000000008b200000, 0x000000008b200000, 0x000000008b300000|  0%| F|  |TAMS 0x000000008b200000, 0x000000008b200000| Untracked 
| 179|0x000000008b300000, 0x000000008b300000, 0x000000008b400000|  0%| F|  |TAMS 0x000000008b300000, 0x000000008b300000| Untracked 
| 180|0x000000008b400000, 0x000000008b4de620, 0x000000008b500000| 86%| S|CS|TAMS 0x000000008b400000, 0x000000008b400000| Complete 
| 181|0x000000008b500000, 0x000000008b600000, 0x000000008b600000|100%| S|CS|TAMS 0x000000008b500000, 0x000000008b500000| Complete 
| 182|0x000000008b600000, 0x000000008b700000, 0x000000008b700000|100%| S|CS|TAMS 0x000000008b600000, 0x000000008b600000| Complete 
| 183|0x000000008b700000, 0x000000008b800000, 0x000000008b800000|100%| S|CS|TAMS 0x000000008b700000, 0x000000008b700000| Complete 
| 184|0x000000008b800000, 0x000000008b900000, 0x000000008b900000|100%| S|CS|TAMS 0x000000008b800000, 0x000000008b800000| Complete 
| 185|0x000000008b900000, 0x000000008ba00000, 0x000000008ba00000|100%| S|CS|TAMS 0x000000008b900000, 0x000000008b900000| Complete 
| 186|0x000000008ba00000, 0x000000008bb00000, 0x000000008bb00000|100%| S|CS|TAMS 0x000000008ba00000, 0x000000008ba00000| Complete 
| 187|0x000000008bb00000, 0x000000008bc00000, 0x000000008bc00000|100%| S|CS|TAMS 0x000000008bb00000, 0x000000008bb00000| Complete 
| 188|0x000000008bc00000, 0x000000008bc00000, 0x000000008bd00000|  0%| F|  |TAMS 0x000000008bc00000, 0x000000008bc00000| Untracked 
| 189|0x000000008bd00000, 0x000000008bd00000, 0x000000008be00000|  0%| F|  |TAMS 0x000000008bd00000, 0x000000008bd00000| Untracked 
| 190|0x000000008be00000, 0x000000008be00000, 0x000000008bf00000|  0%| F|  |TAMS 0x000000008be00000, 0x000000008be00000| Untracked 
| 191|0x000000008bf00000, 0x000000008bf00000, 0x000000008c000000|  0%| F|  |TAMS 0x000000008bf00000, 0x000000008bf00000| Untracked 
| 192|0x000000008c000000, 0x000000008c000000, 0x000000008c100000|  0%| F|  |TAMS 0x000000008c000000, 0x000000008c000000| Untracked 
| 193|0x000000008c100000, 0x000000008c100000, 0x000000008c200000|  0%| F|  |TAMS 0x000000008c100000, 0x000000008c100000| Untracked 
| 194|0x000000008c200000, 0x000000008c200000, 0x000000008c300000|  0%| F|  |TAMS 0x000000008c200000, 0x000000008c200000| Untracked 
| 195|0x000000008c300000, 0x000000008c300000, 0x000000008c400000|  0%| F|  |TAMS 0x000000008c300000, 0x000000008c300000| Untracked 
| 196|0x000000008c400000, 0x000000008c400000, 0x000000008c500000|  0%| F|  |TAMS 0x000000008c400000, 0x000000008c400000| Untracked 
| 197|0x000000008c500000, 0x000000008c500000, 0x000000008c600000|  0%| F|  |TAMS 0x000000008c500000, 0x000000008c500000| Untracked 
| 198|0x000000008c600000, 0x000000008c600000, 0x000000008c700000|  0%| F|  |TAMS 0x000000008c600000, 0x000000008c600000| Untracked 
| 199|0x000000008c700000, 0x000000008c700000, 0x000000008c800000|  0%| F|  |TAMS 0x000000008c700000, 0x000000008c700000| Untracked 
| 200|0x000000008c800000, 0x000000008c800000, 0x000000008c900000|  0%| F|  |TAMS 0x000000008c800000, 0x000000008c800000| Untracked 
| 201|0x000000008c900000, 0x000000008c900000, 0x000000008ca00000|  0%| F|  |TAMS 0x000000008c900000, 0x000000008c900000| Untracked 
| 202|0x000000008ca00000, 0x000000008ca00000, 0x000000008cb00000|  0%| F|  |TAMS 0x000000008ca00000, 0x000000008ca00000| Untracked 
| 203|0x000000008cb00000, 0x000000008cb00000, 0x000000008cc00000|  0%| F|  |TAMS 0x000000008cb00000, 0x000000008cb00000| Untracked 
| 204|0x000000008cc00000, 0x000000008cc00000, 0x000000008cd00000|  0%| F|  |TAMS 0x000000008cc00000, 0x000000008cc00000| Untracked 
| 205|0x000000008cd00000, 0x000000008cd00000, 0x000000008ce00000|  0%| F|  |TAMS 0x000000008cd00000, 0x000000008cd00000| Untracked 
| 206|0x000000008ce00000, 0x000000008ce00000, 0x000000008cf00000|  0%| F|  |TAMS 0x000000008ce00000, 0x000000008ce00000| Untracked 
| 207|0x000000008cf00000, 0x000000008cf00000, 0x000000008d000000|  0%| F|  |TAMS 0x000000008cf00000, 0x000000008cf00000| Untracked 
| 208|0x000000008d000000, 0x000000008d000000, 0x000000008d100000|  0%| F|  |TAMS 0x000000008d000000, 0x000000008d000000| Untracked 
| 209|0x000000008d100000, 0x000000008d100000, 0x000000008d200000|  0%| F|  |TAMS 0x000000008d100000, 0x000000008d100000| Untracked 
| 210|0x000000008d200000, 0x000000008d200000, 0x000000008d300000|  0%| F|  |TAMS 0x000000008d200000, 0x000000008d200000| Untracked 
| 211|0x000000008d300000, 0x000000008d300000, 0x000000008d400000|  0%| F|  |TAMS 0x000000008d300000, 0x000000008d300000| Untracked 
| 212|0x000000008d400000, 0x000000008d400000, 0x000000008d500000|  0%| F|  |TAMS 0x000000008d400000, 0x000000008d400000| Untracked 
| 213|0x000000008d500000, 0x000000008d500000, 0x000000008d600000|  0%| F|  |TAMS 0x000000008d500000, 0x000000008d500000| Untracked 
| 214|0x000000008d600000, 0x000000008d600000, 0x000000008d700000|  0%| F|  |TAMS 0x000000008d600000, 0x000000008d600000| Untracked 
| 215|0x000000008d700000, 0x000000008d700000, 0x000000008d800000|  0%| F|  |TAMS 0x000000008d700000, 0x000000008d700000| Untracked 
| 216|0x000000008d800000, 0x000000008d800000, 0x000000008d900000|  0%| F|  |TAMS 0x000000008d800000, 0x000000008d800000| Untracked 
| 217|0x000000008d900000, 0x000000008d900000, 0x000000008da00000|  0%| F|  |TAMS 0x000000008d900000, 0x000000008d900000| Untracked 
| 218|0x000000008da00000, 0x000000008da00000, 0x000000008db00000|  0%| F|  |TAMS 0x000000008da00000, 0x000000008da00000| Untracked 
| 219|0x000000008db00000, 0x000000008db00000, 0x000000008dc00000|  0%| F|  |TAMS 0x000000008db00000, 0x000000008db00000| Untracked 
| 220|0x000000008dc00000, 0x000000008dc00000, 0x000000008dd00000|  0%| F|  |TAMS 0x000000008dc00000, 0x000000008dc00000| Untracked 
| 221|0x000000008dd00000, 0x000000008dd00000, 0x000000008de00000|  0%| F|  |TAMS 0x000000008dd00000, 0x000000008dd00000| Untracked 
| 222|0x000000008de00000, 0x000000008de00000, 0x000000008df00000|  0%| F|  |TAMS 0x000000008de00000, 0x000000008de00000| Untracked 
| 223|0x000000008df00000, 0x000000008df00000, 0x000000008e000000|  0%| F|  |TAMS 0x000000008df00000, 0x000000008df00000| Untracked 
| 224|0x000000008e000000, 0x000000008e000000, 0x000000008e100000|  0%| F|  |TAMS 0x000000008e000000, 0x000000008e000000| Untracked 
| 225|0x000000008e100000, 0x000000008e100000, 0x000000008e200000|  0%| F|  |TAMS 0x000000008e100000, 0x000000008e100000| Untracked 
| 226|0x000000008e200000, 0x000000008e200000, 0x000000008e300000|  0%| F|  |TAMS 0x000000008e200000, 0x000000008e200000| Untracked 
| 227|0x000000008e300000, 0x000000008e300000, 0x000000008e400000|  0%| F|  |TAMS 0x000000008e300000, 0x000000008e300000| Untracked 
| 228|0x000000008e400000, 0x000000008e400000, 0x000000008e500000|  0%| F|  |TAMS 0x000000008e400000, 0x000000008e400000| Untracked 
| 229|0x000000008e500000, 0x000000008e500000, 0x000000008e600000|  0%| F|  |TAMS 0x000000008e500000, 0x000000008e500000| Untracked 
| 230|0x000000008e600000, 0x000000008e600000, 0x000000008e700000|  0%| F|  |TAMS 0x000000008e600000, 0x000000008e600000| Untracked 
| 231|0x000000008e700000, 0x000000008e700000, 0x000000008e800000|  0%| F|  |TAMS 0x000000008e700000, 0x000000008e700000| Untracked 
| 232|0x000000008e800000, 0x000000008e800000, 0x000000008e900000|  0%| F|  |TAMS 0x000000008e800000, 0x000000008e800000| Untracked 
| 233|0x000000008e900000, 0x000000008e900000, 0x000000008ea00000|  0%| F|  |TAMS 0x000000008e900000, 0x000000008e900000| Untracked 
| 234|0x000000008ea00000, 0x000000008ea00000, 0x000000008eb00000|  0%| F|  |TAMS 0x000000008ea00000, 0x000000008ea00000| Untracked 
| 235|0x000000008eb00000, 0x000000008eb00000, 0x000000008ec00000|  0%| F|  |TAMS 0x000000008eb00000, 0x000000008eb00000| Untracked 
| 236|0x000000008ec00000, 0x000000008ec00000, 0x000000008ed00000|  0%| F|  |TAMS 0x000000008ec00000, 0x000000008ec00000| Untracked 
| 237|0x000000008ed00000, 0x000000008ed00000, 0x000000008ee00000|  0%| F|  |TAMS 0x000000008ed00000, 0x000000008ed00000| Untracked 
| 238|0x000000008ee00000, 0x000000008ee00000, 0x000000008ef00000|  0%| F|  |TAMS 0x000000008ee00000, 0x000000008ee00000| Untracked 
| 239|0x000000008ef00000, 0x000000008ef00000, 0x000000008f000000|  0%| F|  |TAMS 0x000000008ef00000, 0x000000008ef00000| Untracked 
| 240|0x000000008f000000, 0x000000008f000000, 0x000000008f100000|  0%| F|  |TAMS 0x000000008f000000, 0x000000008f000000| Untracked 
| 241|0x000000008f100000, 0x000000008f100000, 0x000000008f200000|  0%| F|  |TAMS 0x000000008f100000, 0x000000008f100000| Untracked 
| 242|0x000000008f200000, 0x000000008f200000, 0x000000008f300000|  0%| F|  |TAMS 0x000000008f200000, 0x000000008f200000| Untracked 
| 243|0x000000008f300000, 0x000000008f300000, 0x000000008f400000|  0%| F|  |TAMS 0x000000008f300000, 0x000000008f300000| Untracked 
| 244|0x000000008f400000, 0x000000008f400000, 0x000000008f500000|  0%| F|  |TAMS 0x000000008f400000, 0x000000008f400000| Untracked 
| 245|0x000000008f500000, 0x000000008f500000, 0x000000008f600000|  0%| F|  |TAMS 0x000000008f500000, 0x000000008f500000| Untracked 
| 246|0x000000008f600000, 0x000000008f600000, 0x000000008f700000|  0%| F|  |TAMS 0x000000008f600000, 0x000000008f600000| Untracked 
| 247|0x000000008f700000, 0x000000008f700000, 0x000000008f800000|  0%| F|  |TAMS 0x000000008f700000, 0x000000008f700000| Untracked 
| 248|0x000000008f800000, 0x000000008f800000, 0x000000008f900000|  0%| F|  |TAMS 0x000000008f800000, 0x000000008f800000| Untracked 
| 249|0x000000008f900000, 0x000000008f900000, 0x000000008fa00000|  0%| F|  |TAMS 0x000000008f900000, 0x000000008f900000| Untracked 
| 250|0x000000008fa00000, 0x000000008fa00000, 0x000000008fb00000|  0%| F|  |TAMS 0x000000008fa00000, 0x000000008fa00000| Untracked 
| 251|0x000000008fb00000, 0x000000008fb00000, 0x000000008fc00000|  0%| F|  |TAMS 0x000000008fb00000, 0x000000008fb00000| Untracked 
| 252|0x000000008fc00000, 0x000000008fc00000, 0x000000008fd00000|  0%| F|  |TAMS 0x000000008fc00000, 0x000000008fc00000| Untracked 
| 253|0x000000008fd00000, 0x000000008fd00000, 0x000000008fe00000|  0%| F|  |TAMS 0x000000008fd00000, 0x000000008fd00000| Untracked 
| 254|0x000000008fe00000, 0x000000008fe00000, 0x000000008ff00000|  0%| F|  |TAMS 0x000000008fe00000, 0x000000008fe00000| Untracked 
| 255|0x000000008ff00000, 0x000000008ff00000, 0x0000000090000000|  0%| F|  |TAMS 0x000000008ff00000, 0x000000008ff00000| Untracked 
| 256|0x0000000090000000, 0x0000000090000000, 0x0000000090100000|  0%| F|  |TAMS 0x0000000090000000, 0x0000000090000000| Untracked 
| 257|0x0000000090100000, 0x0000000090100000, 0x0000000090200000|  0%| F|  |TAMS 0x0000000090100000, 0x0000000090100000| Untracked 
| 258|0x0000000090200000, 0x0000000090200000, 0x0000000090300000|  0%| F|  |TAMS 0x0000000090200000, 0x0000000090200000| Untracked 
| 259|0x0000000090300000, 0x0000000090300000, 0x0000000090400000|  0%| F|  |TAMS 0x0000000090300000, 0x0000000090300000| Untracked 
| 260|0x0000000090400000, 0x0000000090400000, 0x0000000090500000|  0%| F|  |TAMS 0x0000000090400000, 0x0000000090400000| Untracked 
| 261|0x0000000090500000, 0x0000000090500000, 0x0000000090600000|  0%| F|  |TAMS 0x0000000090500000, 0x0000000090500000| Untracked 
| 262|0x0000000090600000, 0x0000000090600000, 0x0000000090700000|  0%| F|  |TAMS 0x0000000090600000, 0x0000000090600000| Untracked 
| 263|0x0000000090700000, 0x0000000090700000, 0x0000000090800000|  0%| F|  |TAMS 0x0000000090700000, 0x0000000090700000| Untracked 
| 264|0x0000000090800000, 0x0000000090800000, 0x0000000090900000|  0%| F|  |TAMS 0x0000000090800000, 0x0000000090800000| Untracked 
| 265|0x0000000090900000, 0x0000000090900000, 0x0000000090a00000|  0%| F|  |TAMS 0x0000000090900000, 0x0000000090900000| Untracked 
| 266|0x0000000090a00000, 0x0000000090a00000, 0x0000000090b00000|  0%| F|  |TAMS 0x0000000090a00000, 0x0000000090a00000| Untracked 
| 267|0x0000000090b00000, 0x0000000090b00000, 0x0000000090c00000|  0%| F|  |TAMS 0x0000000090b00000, 0x0000000090b00000| Untracked 
| 268|0x0000000090c00000, 0x0000000090c00000, 0x0000000090d00000|  0%| F|  |TAMS 0x0000000090c00000, 0x0000000090c00000| Untracked 
| 269|0x0000000090d00000, 0x0000000090d00000, 0x0000000090e00000|  0%| F|  |TAMS 0x0000000090d00000, 0x0000000090d00000| Untracked 
| 270|0x0000000090e00000, 0x0000000090e00000, 0x0000000090f00000|  0%| F|  |TAMS 0x0000000090e00000, 0x0000000090e00000| Untracked 
| 271|0x0000000090f00000, 0x0000000090f00000, 0x0000000091000000|  0%| F|  |TAMS 0x0000000090f00000, 0x0000000090f00000| Untracked 
| 272|0x0000000091000000, 0x0000000091000000, 0x0000000091100000|  0%| F|  |TAMS 0x0000000091000000, 0x0000000091000000| Untracked 
| 273|0x0000000091100000, 0x0000000091100000, 0x0000000091200000|  0%| F|  |TAMS 0x0000000091100000, 0x0000000091100000| Untracked 
| 274|0x0000000091200000, 0x0000000091200000, 0x0000000091300000|  0%| F|  |TAMS 0x0000000091200000, 0x0000000091200000| Untracked 
| 275|0x0000000091300000, 0x0000000091300000, 0x0000000091400000|  0%| F|  |TAMS 0x0000000091300000, 0x0000000091300000| Untracked 
| 276|0x0000000091400000, 0x0000000091400000, 0x0000000091500000|  0%| F|  |TAMS 0x0000000091400000, 0x0000000091400000| Untracked 
| 277|0x0000000091500000, 0x0000000091500000, 0x0000000091600000|  0%| F|  |TAMS 0x0000000091500000, 0x0000000091500000| Untracked 
| 278|0x0000000091600000, 0x0000000091600000, 0x0000000091700000|  0%| F|  |TAMS 0x0000000091600000, 0x0000000091600000| Untracked 
| 279|0x0000000091700000, 0x0000000091700000, 0x0000000091800000|  0%| F|  |TAMS 0x0000000091700000, 0x0000000091700000| Untracked 
| 280|0x0000000091800000, 0x0000000091800000, 0x0000000091900000|  0%| F|  |TAMS 0x0000000091800000, 0x0000000091800000| Untracked 
| 281|0x0000000091900000, 0x0000000091900000, 0x0000000091a00000|  0%| F|  |TAMS 0x0000000091900000, 0x0000000091900000| Untracked 
| 282|0x0000000091a00000, 0x0000000091a00000, 0x0000000091b00000|  0%| F|  |TAMS 0x0000000091a00000, 0x0000000091a00000| Untracked 
| 283|0x0000000091b00000, 0x0000000091b00000, 0x0000000091c00000|  0%| F|  |TAMS 0x0000000091b00000, 0x0000000091b00000| Untracked 
| 284|0x0000000091c00000, 0x0000000091c00000, 0x0000000091d00000|  0%| F|  |TAMS 0x0000000091c00000, 0x0000000091c00000| Untracked 
| 285|0x0000000091d00000, 0x0000000091d00000, 0x0000000091e00000|  0%| F|  |TAMS 0x0000000091d00000, 0x0000000091d00000| Untracked 
| 286|0x0000000091e00000, 0x0000000091e00000, 0x0000000091f00000|  0%| F|  |TAMS 0x0000000091e00000, 0x0000000091e00000| Untracked 
| 287|0x0000000091f00000, 0x0000000091f00000, 0x0000000092000000|  0%| F|  |TAMS 0x0000000091f00000, 0x0000000091f00000| Untracked 
| 288|0x0000000092000000, 0x0000000092000000, 0x0000000092100000|  0%| F|  |TAMS 0x0000000092000000, 0x0000000092000000| Untracked 
| 289|0x0000000092100000, 0x0000000092100000, 0x0000000092200000|  0%| F|  |TAMS 0x0000000092100000, 0x0000000092100000| Untracked 
| 290|0x0000000092200000, 0x0000000092200000, 0x0000000092300000|  0%| F|  |TAMS 0x0000000092200000, 0x0000000092200000| Untracked 
| 291|0x0000000092300000, 0x0000000092300000, 0x0000000092400000|  0%| F|  |TAMS 0x0000000092300000, 0x0000000092300000| Untracked 
| 292|0x0000000092400000, 0x0000000092400000, 0x0000000092500000|  0%| F|  |TAMS 0x0000000092400000, 0x0000000092400000| Untracked 
| 293|0x0000000092500000, 0x0000000092500000, 0x0000000092600000|  0%| F|  |TAMS 0x0000000092500000, 0x0000000092500000| Untracked 
| 294|0x0000000092600000, 0x0000000092600000, 0x0000000092700000|  0%| F|  |TAMS 0x0000000092600000, 0x0000000092600000| Untracked 
| 295|0x0000000092700000, 0x0000000092700000, 0x0000000092800000|  0%| F|  |TAMS 0x0000000092700000, 0x0000000092700000| Untracked 
| 296|0x0000000092800000, 0x0000000092800000, 0x0000000092900000|  0%| F|  |TAMS 0x0000000092800000, 0x0000000092800000| Untracked 
| 297|0x0000000092900000, 0x0000000092900000, 0x0000000092a00000|  0%| F|  |TAMS 0x0000000092900000, 0x0000000092900000| Untracked 
| 298|0x0000000092a00000, 0x0000000092a00000, 0x0000000092b00000|  0%| F|  |TAMS 0x0000000092a00000, 0x0000000092a00000| Untracked 
| 299|0x0000000092b00000, 0x0000000092b00000, 0x0000000092c00000|  0%| F|  |TAMS 0x0000000092b00000, 0x0000000092b00000| Untracked 
| 300|0x0000000092c00000, 0x0000000092c00000, 0x0000000092d00000|  0%| F|  |TAMS 0x0000000092c00000, 0x0000000092c00000| Untracked 
| 301|0x0000000092d00000, 0x0000000092d00000, 0x0000000092e00000|  0%| F|  |TAMS 0x0000000092d00000, 0x0000000092d00000| Untracked 
| 302|0x0000000092e00000, 0x0000000092e00000, 0x0000000092f00000|  0%| F|  |TAMS 0x0000000092e00000, 0x0000000092e00000| Untracked 
| 303|0x0000000092f00000, 0x0000000092f00000, 0x0000000093000000|  0%| F|  |TAMS 0x0000000092f00000, 0x0000000092f00000| Untracked 
| 304|0x0000000093000000, 0x0000000093000000, 0x0000000093100000|  0%| F|  |TAMS 0x0000000093000000, 0x0000000093000000| Untracked 
| 305|0x0000000093100000, 0x0000000093100000, 0x0000000093200000|  0%| F|  |TAMS 0x0000000093100000, 0x0000000093100000| Untracked 
| 306|0x0000000093200000, 0x0000000093200000, 0x0000000093300000|  0%| F|  |TAMS 0x0000000093200000, 0x0000000093200000| Untracked 
| 307|0x0000000093300000, 0x0000000093300000, 0x0000000093400000|  0%| F|  |TAMS 0x0000000093300000, 0x0000000093300000| Untracked 
| 308|0x0000000093400000, 0x0000000093400000, 0x0000000093500000|  0%| F|  |TAMS 0x0000000093400000, 0x0000000093400000| Untracked 
| 309|0x0000000093500000, 0x0000000093500000, 0x0000000093600000|  0%| F|  |TAMS 0x0000000093500000, 0x0000000093500000| Untracked 
| 310|0x0000000093600000, 0x0000000093600000, 0x0000000093700000|  0%| F|  |TAMS 0x0000000093600000, 0x0000000093600000| Untracked 
| 311|0x0000000093700000, 0x0000000093700000, 0x0000000093800000|  0%| F|  |TAMS 0x0000000093700000, 0x0000000093700000| Untracked 
| 312|0x0000000093800000, 0x0000000093800000, 0x0000000093900000|  0%| F|  |TAMS 0x0000000093800000, 0x0000000093800000| Untracked 
| 313|0x0000000093900000, 0x0000000093900000, 0x0000000093a00000|  0%| F|  |TAMS 0x0000000093900000, 0x0000000093900000| Untracked 
| 314|0x0000000093a00000, 0x0000000093a00000, 0x0000000093b00000|  0%| F|  |TAMS 0x0000000093a00000, 0x0000000093a00000| Untracked 
| 315|0x0000000093b00000, 0x0000000093b00000, 0x0000000093c00000|  0%| F|  |TAMS 0x0000000093b00000, 0x0000000093b00000| Untracked 
| 316|0x0000000093c00000, 0x0000000093c00000, 0x0000000093d00000|  0%| F|  |TAMS 0x0000000093c00000, 0x0000000093c00000| Untracked 
| 317|0x0000000093d00000, 0x0000000093d00000, 0x0000000093e00000|  0%| F|  |TAMS 0x0000000093d00000, 0x0000000093d00000| Untracked 
| 318|0x0000000093e00000, 0x0000000093e00000, 0x0000000093f00000|  0%| F|  |TAMS 0x0000000093e00000, 0x0000000093e00000| Untracked 
| 319|0x0000000093f00000, 0x0000000093f00000, 0x0000000094000000|  0%| F|  |TAMS 0x0000000093f00000, 0x0000000093f00000| Untracked 
| 320|0x0000000094000000, 0x0000000094000000, 0x0000000094100000|  0%| F|  |TAMS 0x0000000094000000, 0x0000000094000000| Untracked 
| 321|0x0000000094100000, 0x0000000094100000, 0x0000000094200000|  0%| F|  |TAMS 0x0000000094100000, 0x0000000094100000| Untracked 
| 322|0x0000000094200000, 0x0000000094200000, 0x0000000094300000|  0%| F|  |TAMS 0x0000000094200000, 0x0000000094200000| Untracked 
| 323|0x0000000094300000, 0x00000000943a6230, 0x0000000094400000| 64%| E|  |TAMS 0x0000000094300000, 0x0000000094300000| Complete 
| 324|0x0000000094400000, 0x0000000094500000, 0x0000000094500000|100%| E|CS|TAMS 0x0000000094400000, 0x0000000094400000| Complete 
| 325|0x0000000094500000, 0x0000000094600000, 0x0000000094600000|100%| E|CS|TAMS 0x0000000094500000, 0x0000000094500000| Complete 
| 326|0x0000000094600000, 0x0000000094700000, 0x0000000094700000|100%| E|CS|TAMS 0x0000000094600000, 0x0000000094600000| Complete 
| 327|0x0000000094700000, 0x0000000094800000, 0x0000000094800000|100%| E|CS|TAMS 0x0000000094700000, 0x0000000094700000| Complete 
| 328|0x0000000094800000, 0x0000000094900000, 0x0000000094900000|100%| E|CS|TAMS 0x0000000094800000, 0x0000000094800000| Complete 
| 329|0x0000000094900000, 0x0000000094a00000, 0x0000000094a00000|100%| E|CS|TAMS 0x0000000094900000, 0x0000000094900000| Complete 
| 330|0x0000000094a00000, 0x0000000094b00000, 0x0000000094b00000|100%| E|CS|TAMS 0x0000000094a00000, 0x0000000094a00000| Complete 
| 331|0x0000000094b00000, 0x0000000094c00000, 0x0000000094c00000|100%| E|CS|TAMS 0x0000000094b00000, 0x0000000094b00000| Complete 
| 332|0x0000000094c00000, 0x0000000094d00000, 0x0000000094d00000|100%| E|CS|TAMS 0x0000000094c00000, 0x0000000094c00000| Complete 
| 333|0x0000000094d00000, 0x0000000094e00000, 0x0000000094e00000|100%| E|CS|TAMS 0x0000000094d00000, 0x0000000094d00000| Complete 
| 334|0x0000000094e00000, 0x0000000094f00000, 0x0000000094f00000|100%| E|CS|TAMS 0x0000000094e00000, 0x0000000094e00000| Complete 
| 335|0x0000000094f00000, 0x0000000095000000, 0x0000000095000000|100%| E|CS|TAMS 0x0000000094f00000, 0x0000000094f00000| Complete 
| 336|0x0000000095000000, 0x0000000095100000, 0x0000000095100000|100%| E|CS|TAMS 0x0000000095000000, 0x0000000095000000| Complete 
| 337|0x0000000095100000, 0x0000000095200000, 0x0000000095200000|100%| E|CS|TAMS 0x0000000095100000, 0x0000000095100000| Complete 

Card table byte_map: [0x00000217f42c0000,0x00000217f46c0000] _byte_map_base: 0x00000217f3ec0000

Marking Bits (Prev, Next): (CMBitMap*) 0x00000217f0709e10, (CMBitMap*) 0x00000217f0709e50
 Prev Bits: [0x00000217f4ac0000, 0x00000217f6ac0000)
 Next Bits: [0x00000217f6ac0000, 0x00000217f8ac0000)

Polling page: 0x00000217ee5d0000

Metaspace:

Usage:
  Non-class:    114.38 MB used.
      Class:     18.16 MB used.
       Both:    132.54 MB used.

Virtual space:
  Non-class space:      128.00 MB reserved,     114.81 MB ( 90%) committed,  2 nodes.
      Class space:        1.00 GB reserved,      18.56 MB (  2%) committed,  1 nodes.
             Both:        1.12 GB reserved,     133.38 MB ( 12%) committed. 

Chunk freelists:
   Non-Class:  12.55 MB
       Class:  13.43 MB
        Both:  25.97 MB

MaxMetaspaceSize: unlimited
CompressedClassSpaceSize: 1.00 GB
Initial GC threshold: 21.00 MB
Current GC threshold: 180.62 MB
CDS: off
MetaspaceReclaimPolicy: balanced
 - commit_granule_bytes: 65536.
 - commit_granule_words: 8192.
 - virtual_space_node_default_size: 8388608.
 - enlarge_chunks_in_place: 1.
 - new_chunks_are_fully_committed: 0.
 - uncommit_free_chunks: 1.
 - use_allocation_guard: 0.
 - handle_deallocations: 1.


Internal statistics:

num_allocs_failed_limit: 15.
num_arena_births: 1420.
num_arena_deaths: 2.
num_vsnodes_births: 3.
num_vsnodes_deaths: 0.
num_space_committed: 2134.
num_space_uncommitted: 2.
num_chunks_returned_to_freelist: 31.
num_chunks_taken_from_freelist: 6714.
num_chunk_merges: 13.
num_chunk_splits: 4492.
num_chunks_enlarged: 3060.
num_inconsistent_stats: 0.

CodeHeap 'non-profiled nmethods': size=120000Kb used=8712Kb max_used=8712Kb free=111287Kb
 bounds [0x0000021787ad0000, 0x0000021788360000, 0x000002178f000000]
CodeHeap 'profiled nmethods': size=120000Kb used=27469Kb max_used=27469Kb free=92530Kb
 bounds [0x0000021780000000, 0x0000021781ae0000, 0x0000021787530000]
CodeHeap 'non-nmethods': size=5760Kb used=1772Kb max_used=1837Kb free=3987Kb
 bounds [0x0000021787530000, 0x00000217877a0000, 0x0000021787ad0000]
 total_blobs=15056 nmethods=14201 adapters=766
 compilation: enabled
              stopped_count=0, restarted_count=0
 full_count=0

Compilation events (20 events):
Event: 43.383 Thread 0x000002179307a060 nmethod 16617 0x0000021781acc210 code [0x0000021781acc3e0, 0x0000021781acc818]
Event: 43.384 Thread 0x000002179307a060 16618       3       org.gradle.internal.typeconversion.TypeInfo::<init> (34 bytes)
Event: 43.384 Thread 0x000002179307a060 nmethod 16618 0x0000021781acca10 code [0x0000021781accbc0, 0x0000021781accdf8]
Event: 43.384 Thread 0x000002179307a060 16619       3       org.gradle.internal.reflect.JavaPropertyReflectionUtil::getAnnotation (7 bytes)
Event: 43.384 Thread 0x000002179307a060 nmethod 16619 0x0000021781accf10 code [0x0000021781acd0a0, 0x0000021781acd1c8]
Event: 43.384 Thread 0x000002179307a060 16620       1       org.gradle.internal.code.UserCodeApplicationId::longValue (5 bytes)
Event: 43.384 Thread 0x000002179307a060 nmethod 16620 0x0000021788352010 code [0x00000217883521a0, 0x0000021788352278]
Event: 43.385 Thread 0x000002179307a060 16621       3       org.gradle.api.internal.DefaultDomainObjectSet::beforeCollectionChanges (13 bytes)
Event: 43.386 Thread 0x000002179307a060 nmethod 16621 0x0000021781acd290 code [0x0000021781acd440, 0x0000021781acd668]
Event: 43.386 Thread 0x000002179307a060 16622   !   3       org.gradle.cache.internal.DefaultCrossBuildInMemoryCacheFactory$AbstractCrossBuildInMemoryCache::get (65 bytes)
Event: 43.386 Thread 0x000002179307a060 nmethod 16622 0x0000021781acd790 code [0x0000021781acd980, 0x0000021781acdeb8]
Event: 43.387 Thread 0x000002179307a060 16624       3       java.io.ObjectInputStream$BlockDataInputStream::readFully (42 bytes)
Event: 43.387 Thread 0x000002179307a060 nmethod 16624 0x0000021781ace110 code [0x0000021781ace2e0, 0x0000021781ace5f8]
Event: 43.387 Thread 0x000002179307a060 16625       3       java.io.ObjectStreamClass::getClassDataLayout0 (297 bytes)
Event: 43.390 Thread 0x000002179307a060 nmethod 16625 0x0000021781ace790 code [0x0000021781acec80, 0x0000021781ad18e8]
Event: 43.390 Thread 0x000002179307a060 16629       2       com.google.common.cache.LocalCache::get (21 bytes)
Event: 43.390 Thread 0x000002179307a060 nmethod 16629 0x0000021781ad2890 code [0x0000021781ad2a60, 0x0000021781ad2d18]
Event: 43.390 Thread 0x000002179307a060 16627       3       org.gradle.internal.concurrent.CompositeStoppable::stoppable (12 bytes)
Event: 43.390 Thread 0x000002179307a060 nmethod 16627 0x0000021781ad2f10 code [0x0000021781ad3100, 0x0000021781ad35e8]
Event: 43.390 Thread 0x000002179307a060 16628       3       jdk.internal.reflect.AccessorGenerator::emitBoxingContantPoolEntries (1439 bytes)

GC Heap History (20 events):
Event: 16.430 GC heap before
{Heap before GC invocations=26 (full 0):
 garbage-first heap   total 191488K, used 118467K [0x0000000080000000, 0x0000000100000000)
  region size 1024K, 31 young (31744K), 6 survivors (6144K)
 Metaspace       used 99841K, committed 100480K, reserved 1179648K
  class space    used 13703K, committed 14016K, reserved 1048576K
}
Event: 16.439 GC heap after
{Heap after GC invocations=27 (full 0):
 garbage-first heap   total 191488K, used 100090K [0x0000000080000000, 0x0000000100000000)
  region size 1024K, 6 young (6144K), 6 survivors (6144K)
 Metaspace       used 99841K, committed 100480K, reserved 1179648K
  class space    used 13703K, committed 14016K, reserved 1048576K
}
Event: 17.517 GC heap before
{Heap before GC invocations=28 (full 0):
 garbage-first heap   total 191488K, used 154362K [0x0000000080000000, 0x0000000100000000)
  region size 1024K, 58 young (59392K), 6 survivors (6144K)
 Metaspace       used 106893K, committed 107584K, reserved 1179648K
  class space    used 14595K, committed 14976K, reserved 1048576K
}
Event: 17.526 GC heap after
{Heap after GC invocations=29 (full 0):
 garbage-first heap   total 191488K, used 108439K [0x0000000080000000, 0x0000000100000000)
  region size 1024K, 7 young (7168K), 7 survivors (7168K)
 Metaspace       used 106893K, committed 107584K, reserved 1179648K
  class space    used 14595K, committed 14976K, reserved 1048576K
}
Event: 17.606 GC heap before
{Heap before GC invocations=29 (full 0):
 garbage-first heap   total 191488K, used 109463K [0x0000000080000000, 0x0000000100000000)
  region size 1024K, 9 young (9216K), 7 survivors (7168K)
 Metaspace       used 106900K, committed 107712K, reserved 1179648K
  class space    used 14595K, committed 14976K, reserved 1048576K
}
Event: 17.609 GC heap after
{Heap after GC invocations=30 (full 0):
 garbage-first heap   total 191488K, used 108000K [0x0000000080000000, 0x0000000100000000)
  region size 1024K, 2 young (2048K), 2 survivors (2048K)
 Metaspace       used 106900K, committed 107712K, reserved 1179648K
  class space    used 14595K, committed 14976K, reserved 1048576K
}
Event: 18.446 GC heap before
{Heap before GC invocations=30 (full 0):
 garbage-first heap   total 191488K, used 153056K [0x0000000080000000, 0x0000000100000000)
  region size 1024K, 46 young (47104K), 2 survivors (2048K)
 Metaspace       used 109442K, committed 110272K, reserved 1179648K
  class space    used 14887K, committed 15296K, reserved 1048576K
}
Event: 18.453 GC heap after
{Heap after GC invocations=31 (full 0):
 garbage-first heap   total 191488K, used 115895K [0x0000000080000000, 0x0000000100000000)
  region size 1024K, 6 young (6144K), 6 survivors (6144K)
 Metaspace       used 109442K, committed 110272K, reserved 1179648K
  class space    used 14887K, committed 15296K, reserved 1048576K
}
Event: 19.015 GC heap before
{Heap before GC invocations=32 (full 0):
 garbage-first heap   total 199680K, used 152759K [0x0000000080000000, 0x0000000100000000)
  region size 1024K, 42 young (43008K), 6 survivors (6144K)
 Metaspace       used 110272K, committed 111040K, reserved 1179648K
  class space    used 14989K, committed 15360K, reserved 1048576K
}
Event: 19.025 GC heap after
{Heap after GC invocations=33 (full 0):
 garbage-first heap   total 199680K, used 120285K [0x0000000080000000, 0x0000000100000000)
  region size 1024K, 5 young (5120K), 5 survivors (5120K)
 Metaspace       used 110272K, committed 111040K, reserved 1179648K
  class space    used 14989K, committed 15360K, reserved 1048576K
}
Event: 19.056 GC heap before
{Heap before GC invocations=33 (full 0):
 garbage-first heap   total 199680K, used 124381K [0x0000000080000000, 0x0000000100000000)
  region size 1024K, 9 young (9216K), 5 survivors (5120K)
 Metaspace       used 110273K, committed 111040K, reserved 1179648K
  class space    used 14989K, committed 15360K, reserved 1048576K
}
Event: 19.064 GC heap after
{Heap after GC invocations=34 (full 0):
 garbage-first heap   total 199680K, used 119773K [0x0000000080000000, 0x0000000100000000)
  region size 1024K, 2 young (2048K), 2 survivors (2048K)
 Metaspace       used 110273K, committed 111040K, reserved 1179648K
  class space    used 14989K, committed 15360K, reserved 1048576K
}
Event: 19.384 GC heap before
{Heap before GC invocations=34 (full 0):
 garbage-first heap   total 199680K, used 159709K [0x0000000080000000, 0x0000000100000000)
  region size 1024K, 42 young (43008K), 2 survivors (2048K)
 Metaspace       used 110284K, committed 111040K, reserved 1179648K
  class space    used 14990K, committed 15360K, reserved 1048576K
}
Event: 19.466 GC heap after
{Heap after GC invocations=35 (full 0):
 garbage-first heap   total 346112K, used 121863K [0x0000000080000000, 0x0000000100000000)
  region size 1024K, 4 young (4096K), 4 survivors (4096K)
 Metaspace       used 110284K, committed 111040K, reserved 1179648K
  class space    used 14990K, committed 15360K, reserved 1048576K
}
Event: 21.576 GC heap before
{Heap before GC invocations=36 (full 0):
 garbage-first heap   total 346112K, used 263175K [0x0000000080000000, 0x0000000100000000)
  region size 1024K, 143 young (146432K), 4 survivors (4096K)
 Metaspace       used 122564K, committed 123328K, reserved 1179648K
  class space    used 16900K, committed 17280K, reserved 1048576K
}
Event: 21.586 GC heap after
{Heap after GC invocations=37 (full 0):
 garbage-first heap   total 346112K, used 125903K [0x0000000080000000, 0x0000000100000000)
  region size 1024K, 8 young (8192K), 8 survivors (8192K)
 Metaspace       used 122564K, committed 123328K, reserved 1179648K
  class space    used 16900K, committed 17280K, reserved 1048576K
}
Event: 21.667 GC heap before
{Heap before GC invocations=37 (full 0):
 garbage-first heap   total 346112K, used 133071K [0x0000000080000000, 0x0000000100000000)
  region size 1024K, 16 young (16384K), 8 survivors (8192K)
 Metaspace       used 123514K, committed 124288K, reserved 1179648K
  class space    used 17074K, committed 17472K, reserved 1048576K
}
Event: 21.673 GC heap after
{Heap after GC invocations=38 (full 0):
 garbage-first heap   total 346112K, used 117485K [0x0000000080000000, 0x0000000100000000)
  region size 1024K, 1 young (1024K), 1 survivors (1024K)
 Metaspace       used 123514K, committed 124288K, reserved 1179648K
  class space    used 17074K, committed 17472K, reserved 1048576K
}
Event: 43.296 GC heap before
{Heap before GC invocations=38 (full 0):
 garbage-first heap   total 346112K, used 283373K [0x0000000080000000, 0x0000000100000000)
  region size 1024K, 150 young (153600K), 1 survivors (1024K)
 Metaspace       used 135642K, committed 136512K, reserved 1179648K
  class space    used 18591K, committed 19008K, reserved 1048576K
}
Event: 43.303 GC heap after
{Heap after GC invocations=39 (full 0):
 garbage-first heap   total 346112K, used 124626K [0x0000000080000000, 0x0000000100000000)
  region size 1024K, 8 young (8192K), 8 survivors (8192K)
 Metaspace       used 135642K, committed 136512K, reserved 1179648K
  class space    used 18591K, committed 19008K, reserved 1048576K
}

Dll operation events (3 events):
Event: 0.014 Loaded shared library C:\Program Files\Android\Android Studio1\jbr\bin\java.dll
Event: 0.141 Loaded shared library C:\Program Files\Android\Android Studio1\jbr\bin\zip.dll
Event: 0.506 Loaded shared library C:\Program Files\Android\Android Studio1\jbr\bin\verify.dll

Deoptimization events (20 events):
Event: 43.387 Thread 0x0000021795596440 Uncommon trap: trap_request=0xffffffc6 fr.pc=0x0000021787c4a600 relative=0x0000000000000240
Event: 43.387 Thread 0x0000021795596440 Uncommon trap: reason=bimorphic_or_optimized_type_check action=maybe_recompile pc=0x0000021787c4a600 method=com.google.common.base.CharMatcher.indexIn(Ljava/lang/CharSequence;I)I @ 31 c2
Event: 43.387 Thread 0x0000021795596440 DEOPT PACKING pc=0x0000021787c4a600 sp=0x000000d8984f9610
Event: 43.387 Thread 0x0000021795596440 DEOPT UNPACKING pc=0x000002178758a1a3 sp=0x000000d8984f95b8 mode 2
Event: 43.387 Thread 0x0000021795596440 Uncommon trap: trap_request=0xffffffde fr.pc=0x000002178820354c relative=0x000000000000012c
Event: 43.387 Thread 0x0000021795596440 Uncommon trap: reason=class_check action=maybe_recompile pc=0x000002178820354c method=com.google.common.base.CharMatcher$Or.matches(C)Z @ 5 c2
Event: 43.387 Thread 0x0000021795596440 DEOPT PACKING pc=0x000002178820354c sp=0x000000d8984f9530
Event: 43.387 Thread 0x0000021795596440 DEOPT UNPACKING pc=0x000002178758a1a3 sp=0x000000d8984f94d8 mode 2
Event: 43.387 Thread 0x0000021795596440 Uncommon trap: trap_request=0xffffffde fr.pc=0x000002178820354c relative=0x000000000000012c
Event: 43.387 Thread 0x0000021795596440 Uncommon trap: reason=class_check action=maybe_recompile pc=0x000002178820354c method=com.google.common.base.CharMatcher$Or.matches(C)Z @ 5 c2
Event: 43.387 Thread 0x0000021795596440 DEOPT PACKING pc=0x000002178820354c sp=0x000000d8984f94c0
Event: 43.387 Thread 0x0000021795596440 DEOPT UNPACKING pc=0x000002178758a1a3 sp=0x000000d8984f9468 mode 2
Event: 43.387 Thread 0x0000021795596440 Uncommon trap: trap_request=0xffffffde fr.pc=0x000002178820354c relative=0x000000000000012c
Event: 43.387 Thread 0x0000021795596440 Uncommon trap: reason=class_check action=maybe_recompile pc=0x000002178820354c method=com.google.common.base.CharMatcher$Or.matches(C)Z @ 5 c2
Event: 43.387 Thread 0x0000021795596440 DEOPT PACKING pc=0x000002178820354c sp=0x000000d8984f9450
Event: 43.387 Thread 0x0000021795596440 DEOPT UNPACKING pc=0x000002178758a1a3 sp=0x000000d8984f93f8 mode 2
Event: 43.388 Thread 0x0000021795596440 Uncommon trap: trap_request=0xffffffde fr.pc=0x000002178820354c relative=0x000000000000012c
Event: 43.388 Thread 0x0000021795596440 Uncommon trap: reason=class_check action=maybe_recompile pc=0x000002178820354c method=com.google.common.base.CharMatcher$Or.matches(C)Z @ 5 c2
Event: 43.388 Thread 0x0000021795596440 DEOPT PACKING pc=0x000002178820354c sp=0x000000d8984f9530
Event: 43.388 Thread 0x0000021795596440 DEOPT UNPACKING pc=0x000002178758a1a3 sp=0x000000d8984f94d8 mode 2

Classes unloaded (20 events):
Event: 19.562 Thread 0x00000217fb53e660 Unloading class 0x0000000100eb6460 'com/bumptech/glide/annotation/compiler/RequestBuilderGenerator'
Event: 19.562 Thread 0x00000217fb53e660 Unloading class 0x0000000100eb6230 'com/bumptech/glide/annotation/compiler/GlideGenerator'
Event: 19.562 Thread 0x00000217fb53e660 Unloading class 0x0000000100eb6000 'com/bumptech/glide/annotation/compiler/RequestManagerFactoryGenerator'
Event: 19.562 Thread 0x00000217fb53e660 Unloading class 0x0000000100eb5d88 'com/bumptech/glide/annotation/compiler/RequestManagerGenerator'
Event: 19.562 Thread 0x00000217fb53e660 Unloading class 0x0000000100eb5b58 'com/bumptech/glide/annotation/compiler/RequestOptionsOverrideGenerator'
Event: 19.562 Thread 0x00000217fb53e660 Unloading class 0x0000000100eb5928 'com/bumptech/glide/annotation/compiler/RequestOptionsGenerator'
Event: 19.562 Thread 0x00000217fb53e660 Unloading class 0x0000000100eb56f8 'com/bumptech/glide/annotation/compiler/AppModuleGenerator'
Event: 19.562 Thread 0x00000217fb53e660 Unloading class 0x0000000100eb54c8 'com/bumptech/glide/annotation/compiler/AppModuleProcessor'
Event: 19.562 Thread 0x00000217fb53e660 Unloading class 0x0000000100eb5298 'com/bumptech/glide/annotation/compiler/LibraryModuleProcessor'
Event: 19.562 Thread 0x00000217fb53e660 Unloading class 0x0000000100eb5068 'com/bumptech/glide/annotation/compiler/IndexerGenerator'
Event: 19.562 Thread 0x00000217fb53e660 Unloading class 0x0000000100eb4e40 'com/bumptech/glide/repackaged/com/squareup/javapoet/Util'
Event: 19.562 Thread 0x00000217fb53e660 Unloading class 0x0000000100eb4bd8 'com/bumptech/glide/repackaged/com/squareup/javapoet/TypeVariableName'
Event: 19.562 Thread 0x00000217fb53e660 Unloading class 0x0000000100eb4970 'com/bumptech/glide/repackaged/com/squareup/javapoet/ParameterizedTypeName'
Event: 19.562 Thread 0x00000217fb53e660 Unloading class 0x0000000100eb4708 'com/bumptech/glide/repackaged/com/squareup/javapoet/ArrayTypeName'
Event: 19.562 Thread 0x00000217fb53e660 Unloading class 0x0000000100eb4488 'com/bumptech/glide/repackaged/com/squareup/javapoet/ClassName'
Event: 19.562 Thread 0x00000217fb53e660 Unloading class 0x0000000100eb4220 'com/bumptech/glide/repackaged/com/squareup/javapoet/TypeName'
Event: 19.562 Thread 0x00000217fb53e660 Unloading class 0x0000000100eb4000 'com/bumptech/glide/repackaged/com/google/common/base/Function'
Event: 19.562 Thread 0x00000217fb53e660 Unloading class 0x0000000100dfa4d8 'com/bumptech/glide/repackaged/com/google/common/base/Predicate'
Event: 19.562 Thread 0x00000217fb53e660 Unloading class 0x0000000100dfa2a8 'com/bumptech/glide/annotation/compiler/ProcessorUtil'
Event: 19.562 Thread 0x00000217fb53e660 Unloading class 0x0000000100dfa000 'com/bumptech/glide/annotation/compiler/GlideAnnotationProcessor'

Classes redefined (0 events):
No events

Internal exceptions (20 events):
Event: 24.364 Thread 0x00000217948456e0 Exception <a 'java/lang/NoSuchMethodError'{0x000000008d6e73c8}: static Lorg/gradle/internal/classloader/ClassLoaderSpec;.<clinit>()V> (0x000000008d6e73c8) 
thrown [s\src\hotspot\share\prims\jni.cpp, line 1108]
Event: 24.367 Thread 0x00000217948456e0 Exception <a 'java/lang/NoSuchMethodError'{0x000000008d6f9fd0}: static Lorg/gradle/internal/classloader/ClassLoaderSpec;.<clinit>()V> (0x000000008d6f9fd0) 
thrown [s\src\hotspot\share\prims\jni.cpp, line 1108]
Event: 24.368 Thread 0x00000217948456e0 Exception <a 'java/lang/NoSuchMethodError'{0x000000008d5f8058}: static Lorg/gradle/internal/classloader/VisitableURLClassLoader$Spec;.<clinit>()V> (0x000000008d5f8058) 
thrown [s\src\hotspot\share\prims\jni.cpp, line 1108]
Event: 24.370 Thread 0x00000217948456e0 Exception <a 'java/lang/NoSuchMethodError'{0x000000008d448578}: static [Ljava/net/URL;.<clinit>()V> (0x000000008d448578) 
thrown [s\src\hotspot\share\prims\jni.cpp, line 1108]
Event: 24.444 Thread 0x000002179e0885a0 Exception <a 'sun/nio/fs/WindowsException'{0x000000008cc3bc40}> (0x000000008cc3bc40) 
thrown [s\src\hotspot\share\prims\jni.cpp, line 517]
Event: 24.444 Thread 0x000002179e0885a0 Exception <a 'sun/nio/fs/WindowsException'{0x000000008cc3c6d0}> (0x000000008cc3c6d0) 
thrown [s\src\hotspot\share\prims\jni.cpp, line 517]
Event: 24.444 Thread 0x000002179e0885a0 Exception <a 'sun/nio/fs/WindowsException'{0x000000008cc3d1a8}> (0x000000008cc3d1a8) 
thrown [s\src\hotspot\share\prims\jni.cpp, line 517]
Event: 24.445 Thread 0x000002179e0885a0 Exception <a 'sun/nio/fs/WindowsException'{0x000000008cc44790}> (0x000000008cc44790) 
thrown [s\src\hotspot\share\prims\jni.cpp, line 517]
Event: 24.445 Thread 0x000002179e0885a0 Exception <a 'sun/nio/fs/WindowsException'{0x000000008cc45840}> (0x000000008cc45840) 
thrown [s\src\hotspot\share\prims\jni.cpp, line 517]
Event: 24.445 Thread 0x000002179e0885a0 Exception <a 'sun/nio/fs/WindowsException'{0x000000008cc47d90}> (0x000000008cc47d90) 
thrown [s\src\hotspot\share\prims\jni.cpp, line 517]
Event: 43.320 Thread 0x0000021795596440 Exception <a 'sun/nio/fs/WindowsException'{0x000000009504de38}> (0x000000009504de38) 
thrown [s\src\hotspot\share\prims\jni.cpp, line 517]
Event: 43.320 Thread 0x0000021795596440 Exception <a 'sun/nio/fs/WindowsException'{0x000000009504f3c0}> (0x000000009504f3c0) 
thrown [s\src\hotspot\share\prims\jni.cpp, line 517]
Event: 43.320 Thread 0x0000021795596440 Exception <a 'sun/nio/fs/WindowsException'{0x0000000095050948}> (0x0000000095050948) 
thrown [s\src\hotspot\share\prims\jni.cpp, line 517]
Event: 43.320 Thread 0x0000021795596440 Exception <a 'sun/nio/fs/WindowsException'{0x0000000095051eb0}> (0x0000000095051eb0) 
thrown [s\src\hotspot\share\prims\jni.cpp, line 517]
Event: 43.352 Thread 0x0000021795596440 Exception <a 'sun/nio/fs/WindowsException'{0x00000000946f39c0}> (0x00000000946f39c0) 
thrown [s\src\hotspot\share\prims\jni.cpp, line 517]
Event: 43.352 Thread 0x0000021795596440 Exception <a 'sun/nio/fs/WindowsException'{0x00000000946f3be0}> (0x00000000946f3be0) 
thrown [s\src\hotspot\share\prims\jni.cpp, line 517]
Event: 43.353 Thread 0x0000021795596440 Exception <a 'sun/nio/fs/WindowsException'{0x00000000946f63b8}> (0x00000000946f63b8) 
thrown [s\src\hotspot\share\prims\jni.cpp, line 517]
Event: 43.353 Thread 0x0000021795596440 Exception <a 'sun/nio/fs/WindowsException'{0x00000000946f66d0}> (0x00000000946f66d0) 
thrown [s\src\hotspot\share\prims\jni.cpp, line 517]
Event: 43.354 Thread 0x0000021795596440 Exception <a 'sun/nio/fs/WindowsException'{0x00000000946fb7d8}> (0x00000000946fb7d8) 
thrown [s\src\hotspot\share\prims\jni.cpp, line 517]
Event: 43.354 Thread 0x0000021795596440 Exception <a 'sun/nio/fs/WindowsException'{0x00000000946fbaf0}> (0x00000000946fbaf0) 
thrown [s\src\hotspot\share\prims\jni.cpp, line 517]

VM Operations (20 events):
Event: 24.091 Executing VM operation: HandshakeAllThreads
Event: 24.098 Executing VM operation: HandshakeAllThreads done
Event: 24.249 Executing VM operation: HandshakeAllThreads
Event: 24.250 Executing VM operation: HandshakeAllThreads done
Event: 24.252 Executing VM operation: HandshakeAllThreads
Event: 24.252 Executing VM operation: HandshakeAllThreads done
Event: 24.266 Executing VM operation: HandshakeAllThreads
Event: 24.266 Executing VM operation: HandshakeAllThreads done
Event: 24.647 Executing VM operation: ICBufferFull
Event: 24.647 Executing VM operation: ICBufferFull done
Event: 25.649 Executing VM operation: Cleanup
Event: 25.649 Executing VM operation: Cleanup done
Event: 43.286 Executing VM operation: HandshakeAllThreads
Event: 43.286 Executing VM operation: HandshakeAllThreads done
Event: 43.286 Executing VM operation: Cleanup
Event: 43.286 Executing VM operation: Cleanup done
Event: 43.296 Executing VM operation: G1CollectForAllocation
Event: 43.303 Executing VM operation: G1CollectForAllocation done
Event: 43.367 Executing VM operation: ICBufferFull
Event: 43.367 Executing VM operation: ICBufferFull done

Events (20 events):
Event: 43.279 loading class jdk/internal/math/FormattedFloatingDecimal$Form
Event: 43.279 loading class jdk/internal/math/FormattedFloatingDecimal$Form done
Event: 43.280 loading class jdk/internal/math/FormattedFloatingDecimal
Event: 43.280 loading class jdk/internal/math/FormattedFloatingDecimal done
Event: 43.280 loading class jdk/internal/math/FormattedFloatingDecimal$1
Event: 43.280 loading class jdk/internal/math/FormattedFloatingDecimal$1 done
Event: 43.280 loading class jdk/internal/math/FormattedFloatingDecimal$2
Event: 43.280 loading class jdk/internal/math/FormattedFloatingDecimal$2 done
Event: 43.281 Thread 0x000002179e084df0 Thread added: 0x000002179e084df0
Event: 43.281 Thread 0x000002179e082570 Thread added: 0x000002179e082570
Event: 43.286 Thread 0x000002179e5b9f30 Thread added: 0x000002179e5b9f30
Event: 43.287 Thread 0x000002179307aa60 flushing nmethod 0x0000021787b90710
Event: 43.288 Thread 0x000002179e0834a0 Thread added: 0x000002179e0834a0
Event: 43.291 Thread 0x000002179307aa60 flushing nmethod 0x00000217880e5490
Event: 43.293 Thread 0x000002179307aa60 flushing nmethod 0x00000217800b3990
Event: 43.307 Thread 0x000002179e5b4a30 Thread added: 0x000002179e5b4a30
Event: 43.309 Thread 0x000002179e085300 Thread added: 0x000002179e085300
Event: 43.312 Thread 0x000002179e085810 Thread added: 0x000002179e085810
Event: 43.314 Thread 0x000002179e086230 Thread added: 0x000002179e086230
Event: 43.317 Thread 0x000002179307aa60 flushing nmethod 0x0000021781708d90


Dynamic libraries:
0x00007ff7e3a10000 - 0x00007ff7e3a1a000 	C:\Program Files\Android\Android Studio1\jbr\bin\java.exe
0x00007ffc9ae90000 - 0x00007ffc9b0a7000 	C:\WINDOWS\SYSTEM32\ntdll.dll
0x00007ffc99d70000 - 0x00007ffc99e34000 	C:\WINDOWS\System32\KERNEL32.DLL
0x00007ffc98370000 - 0x00007ffc98729000 	C:\WINDOWS\System32\KERNELBASE.dll
0x00007ffc98250000 - 0x00007ffc98361000 	C:\WINDOWS\System32\ucrtbase.dll
0x00007ffc7e440000 - 0x00007ffc7e45b000 	C:\Program Files\Android\Android Studio1\jbr\bin\VCRUNTIME140.dll
0x00007ffc82220000 - 0x00007ffc82237000 	C:\Program Files\Android\Android Studio1\jbr\bin\jli.dll
0x00007ffc99460000 - 0x00007ffc9960e000 	C:\WINDOWS\System32\USER32.dll
0x00007ffc7b640000 - 0x00007ffc7b8d2000 	C:\WINDOWS\WinSxS\amd64_microsoft.windows.common-controls_6595b64144ccf1df_6.0.22621.4391_none_2715d37f73803e96\COMCTL32.dll
0x00007ffc98800000 - 0x00007ffc98826000 	C:\WINDOWS\System32\win32u.dll
0x00007ffc9a350000 - 0x00007ffc9a3f7000 	C:\WINDOWS\System32\msvcrt.dll
0x00007ffc99aa0000 - 0x00007ffc99ac9000 	C:\WINDOWS\System32\GDI32.dll
0x00007ffc98a90000 - 0x00007ffc98bab000 	C:\WINDOWS\System32\gdi32full.dll
0x00007ffc98730000 - 0x00007ffc987ca000 	C:\WINDOWS\System32\msvcp_win.dll
0x00007ffc9a220000 - 0x00007ffc9a251000 	C:\WINDOWS\System32\IMM32.DLL
0x00007ffc818b0000 - 0x00007ffc818bc000 	C:\Program Files\Android\Android Studio1\jbr\bin\vcruntime140_1.dll
0x00007ffc728a0000 - 0x00007ffc7292d000 	C:\Program Files\Android\Android Studio1\jbr\bin\msvcp140.dll
0x00007ffc028a0000 - 0x00007ffc03523000 	C:\Program Files\Android\Android Studio1\jbr\bin\server\jvm.dll
0x00007ffc9a4f0000 - 0x00007ffc9a5a2000 	C:\WINDOWS\System32\ADVAPI32.dll
0x00007ffc99e50000 - 0x00007ffc99ef7000 	C:\WINDOWS\System32\sechost.dll
0x00007ffc987d0000 - 0x00007ffc987f8000 	C:\WINDOWS\System32\bcrypt.dll
0x00007ffc99340000 - 0x00007ffc99454000 	C:\WINDOWS\System32\RPCRT4.dll
0x00007ffc93910000 - 0x00007ffc93944000 	C:\WINDOWS\SYSTEM32\WINMM.dll
0x00007ffc98060000 - 0x00007ffc980ad000 	C:\WINDOWS\SYSTEM32\POWRPROF.dll
0x00007ffc94670000 - 0x00007ffc94679000 	C:\WINDOWS\SYSTEM32\WSOCK32.dll
0x00007ffc93c20000 - 0x00007ffc93c2a000 	C:\WINDOWS\SYSTEM32\VERSION.dll
0x00007ffc992c0000 - 0x00007ffc99331000 	C:\WINDOWS\System32\WS2_32.dll
0x00007ffc97f90000 - 0x00007ffc97fa3000 	C:\WINDOWS\SYSTEM32\UMPDC.dll
0x00007ffc971d0000 - 0x00007ffc971e8000 	C:\WINDOWS\SYSTEM32\kernel.appcore.dll
0x00007ffc94660000 - 0x00007ffc9466a000 	C:\Program Files\Android\Android Studio1\jbr\bin\jimage.dll
0x00007ffc95a20000 - 0x00007ffc95c52000 	C:\WINDOWS\SYSTEM32\DBGHELP.DLL
0x00007ffc99710000 - 0x00007ffc99a9f000 	C:\WINDOWS\System32\combase.dll
0x00007ffc98d60000 - 0x00007ffc98e37000 	C:\WINDOWS\System32\OLEAUT32.dll
0x00007ffc75ac0000 - 0x00007ffc75af2000 	C:\WINDOWS\SYSTEM32\dbgcore.DLL
0x00007ffc989a0000 - 0x00007ffc98a1b000 	C:\WINDOWS\System32\bcryptPrimitives.dll
0x00007ffc90bc0000 - 0x00007ffc90bce000 	C:\Program Files\Android\Android Studio1\jbr\bin\instrument.dll
0x00007ffc915e0000 - 0x00007ffc91605000 	C:\Program Files\Android\Android Studio1\jbr\bin\java.dll
0x00007ffc915c0000 - 0x00007ffc915d8000 	C:\Program Files\Android\Android Studio1\jbr\bin\zip.dll
0x00007ffc9a5d0000 - 0x00007ffc9ae46000 	C:\WINDOWS\System32\SHELL32.dll
0x00007ffc960d0000 - 0x00007ffc969d3000 	C:\WINDOWS\SYSTEM32\windows.storage.dll
0x00007ffc95f90000 - 0x00007ffc960cf000 	C:\WINDOWS\SYSTEM32\wintypes.dll
0x00007ffc98bb0000 - 0x00007ffc98ca9000 	C:\WINDOWS\System32\SHCORE.dll
0x00007ffc9a400000 - 0x00007ffc9a45e000 	C:\WINDOWS\System32\shlwapi.dll
0x00007ffc980c0000 - 0x00007ffc980eb000 	C:\WINDOWS\SYSTEM32\profapi.dll
0x00007ffc81a30000 - 0x00007ffc81a49000 	C:\Program Files\Android\Android Studio1\jbr\bin\net.dll
0x00007ffc94c80000 - 0x00007ffc94db6000 	C:\WINDOWS\SYSTEM32\WINHTTP.dll
0x00007ffc97650000 - 0x00007ffc976b9000 	C:\WINDOWS\system32\mswsock.dll
0x00007ffc81940000 - 0x00007ffc81956000 	C:\Program Files\Android\Android Studio1\jbr\bin\nio.dll
0x00007ffc81a20000 - 0x00007ffc81a30000 	C:\Program Files\Android\Android Studio1\jbr\bin\verify.dll
0x00007ffc7fee0000 - 0x00007ffc7ff07000 	C:\Users\Admin\.gradle\native\c067742578af261105cb4f569cf0c3c89f3d7b1fecec35dd04571415982c5e48\windows-amd64\native-platform.dll
0x00007ffc6a530000 - 0x00007ffc6a674000 	C:\Users\Admin\.gradle\native\38dada09dfb8b06ba9b0570ebf7e218e3eb74d4ef43ca46872605cf95ebc2f47\windows-amd64\native-platform-file-events.dll
0x00007ffc8e6b0000 - 0x00007ffc8e6b9000 	C:\Program Files\Android\Android Studio1\jbr\bin\management.dll
0x00007ffc81ad0000 - 0x00007ffc81adb000 	C:\Program Files\Android\Android Studio1\jbr\bin\management_ext.dll
0x00007ffc99e40000 - 0x00007ffc99e48000 	C:\WINDOWS\System32\PSAPI.DLL
0x00007ffc978a0000 - 0x00007ffc978bb000 	C:\WINDOWS\SYSTEM32\CRYPTSP.dll
0x00007ffc97130000 - 0x00007ffc97165000 	C:\WINDOWS\system32\rsaenh.dll
0x00007ffc97740000 - 0x00007ffc97768000 	C:\WINDOWS\SYSTEM32\USERENV.dll
0x00007ffc978c0000 - 0x00007ffc978cc000 	C:\WINDOWS\SYSTEM32\CRYPTBASE.dll
0x00007ffc96c40000 - 0x00007ffc96c6d000 	C:\WINDOWS\SYSTEM32\IPHLPAPI.DLL
0x00007ffc9a340000 - 0x00007ffc9a349000 	C:\WINDOWS\System32\NSI.dll
0x00007ffc93c30000 - 0x00007ffc93c49000 	C:\WINDOWS\SYSTEM32\dhcpcsvc6.DLL
0x00007ffc93bf0000 - 0x00007ffc93c0f000 	C:\WINDOWS\SYSTEM32\dhcpcsvc.DLL
0x00007ffc96cb0000 - 0x00007ffc96db2000 	C:\WINDOWS\SYSTEM32\DNSAPI.dll
0x00007ffc91530000 - 0x00007ffc91539000 	C:\Program Files\Android\Android Studio1\jbr\bin\extnet.dll
0x00007ffc778c0000 - 0x00007ffc778c8000 	C:\WINDOWS\system32\wshunix.dll

dbghelp: loaded successfully - version: 4.0.5 - missing functions: none
symbol engine: initialized successfully - sym options: 0x614 - pdb path: .;C:\Program Files\Android\Android Studio1\jbr\bin;C:\WINDOWS\SYSTEM32;C:\WINDOWS\WinSxS\amd64_microsoft.windows.common-controls_6595b64144ccf1df_6.0.22621.4391_none_2715d37f73803e96;C:\Program Files\Android\Android Studio1\jbr\bin\server;C:\Users\Admin\.gradle\native\c067742578af261105cb4f569cf0c3c89f3d7b1fecec35dd04571415982c5e48\windows-amd64;C:\Users\Admin\.gradle\native\38dada09dfb8b06ba9b0570ebf7e218e3eb74d4ef43ca46872605cf95ebc2f47\windows-amd64

VM Arguments:
jvm_args: --add-opens=java.base/java.util=ALL-UNNAMED --add-opens=java.base/java.lang=ALL-UNNAMED --add-opens=java.base/java.lang.invoke=ALL-UNNAMED --add-opens=java.prefs/java.util.prefs=ALL-UNNAMED --add-opens=java.base/java.nio.charset=ALL-UNNAMED --add-opens=java.base/java.net=ALL-UNNAMED --add-opens=java.base/java.util.concurrent.atomic=ALL-UNNAMED -Xmx2048m -Dfile.encoding=UTF-8 -Duser.country -Duser.language=en -Duser.variant -javaagent:C:\Users\Admin\.gradle\wrapper\dists\gradle-8.7-bin\bhs2wmbdwecv87pi65oeuq5iu\gradle-8.7\lib\agents\gradle-instrumentation-agent-8.7.jar 
java_command: org.gradle.launcher.daemon.bootstrap.GradleDaemon 8.7
java_class_path (initial): C:\Users\Admin\.gradle\wrapper\dists\gradle-8.7-bin\bhs2wmbdwecv87pi65oeuq5iu\gradle-8.7\lib\gradle-launcher-8.7.jar
Launcher Type: SUN_STANDARD

[Global flags]
     intx CICompilerCount                          = 4                                         {product} {ergonomic}
     uint ConcGCThreads                            = 2                                         {product} {ergonomic}
     uint G1ConcRefinementThreads                  = 8                                         {product} {ergonomic}
   size_t G1HeapRegionSize                         = 1048576                                   {product} {ergonomic}
    uintx GCDrainStackTargetSize                   = 64                                        {product} {ergonomic}
   size_t InitialHeapSize                          = 197132288                                 {product} {ergonomic}
   size_t MarkStackSize                            = 4194304                                   {product} {ergonomic}
   size_t MaxHeapSize                              = 2147483648                                {product} {command line}
   size_t MaxNewSize                               = 1287651328                                {product} {ergonomic}
   size_t MinHeapDeltaBytes                        = 1048576                                   {product} {ergonomic}
   size_t MinHeapSize                              = 8388608                                   {product} {ergonomic}
    uintx NonNMethodCodeHeapSize                   = 5839372                                {pd product} {ergonomic}
    uintx NonProfiledCodeHeapSize                  = 122909434                              {pd product} {ergonomic}
    uintx ProfiledCodeHeapSize                     = 122909434                              {pd product} {ergonomic}
    uintx ReservedCodeCacheSize                    = 251658240                              {pd product} {ergonomic}
     bool SegmentedCodeCache                       = true                                      {product} {ergonomic}
   size_t SoftMaxHeapSize                          = 2147483648                             {manageable} {ergonomic}
     bool UseCompressedClassPointers               = true                           {product lp64_product} {ergonomic}
     bool UseCompressedOops                        = true                           {product lp64_product} {ergonomic}
     bool UseG1GC                                  = true                                      {product} {ergonomic}
     bool UseLargePagesIndividualAllocation        = false                                  {pd product} {ergonomic}

Logging:
Log output configuration:
 #0: stdout all=warning uptime,level,tags
 #1: stderr all=off uptime,level,tags

Environment Variables:
JAVA_HOME=C:\Program Files\Microsoft\jdk-17.0.8.7-hotspot\
PATH=C:\Python312\Scripts\;C:\Python312\;C:\Program Files\Microsoft\jdk-17.0.8.7-hotspot\bin;C:\Program Files\Common Files\Oracle\Java\javapath;C:\WINDOWS\system32;C:\WINDOWS;C:\WINDOWS\System32\Wbem;C:\WINDOWS\System32\WindowsPowerShell\v1.0\;C:\WINDOWS\System32\OpenSSH\;C:\Program Files (x86)\Microsoft SQL Server\160\Tools\Binn\;C:\Program Files\Microsoft SQL Server\160\Tools\Binn\;C:\Program Files\Microsoft SQL Server\Client SDK\ODBC\170\Tools\Binn\;C:\Program Files\Microsoft SQL Server\160\DTS\Binn\;C:\ProgramData\chocolatey\bin;C:\Program Files\;C:\Program Files\Git\cmd;C:\Program Files\Cloudflare\Cloudflare WARP\;C:\Users\Admin\AppData\Local\Android\Sdk\platform-tools;C:\Users\Admin\AppData\Local\Microsoft\WindowsApps;C:\Program Files\Azure Data Studio\bin;D:\Python\PyCharm 2023.2.4\bin;;C:\Users\Admin\AppData\Roaming\npm;C:\Users\Admin\AppData\Local\Programs\Microsoft VS Code\bin;C:\Program Files\JetBrains\WebStorm 2023.3.4\bin;;C:\Users\Admin\Documents\Zalo Received Files\openssl-0.9.8k_X64\bin;
USERNAME=Minh Chiieen
OS=Windows_NT
PROCESSOR_IDENTIFIER=Intel64 Family 6 Model 140 Stepping 1, GenuineIntel
TMP=C:\Users\Admin\AppData\Local\Temp
TEMP=C:\Users\Admin\AppData\Local\Temp



Periodic native trim disabled

JNI global refs:
JNI global refs: 29, weak refs: 11

JNI global refs memory usage: 843, weak refs: 841

OOME stack traces (most recent first):
Classloader memory used:
Loader org.gradle.internal.classloader.VisitableURLClassLoader$InstrumentingVisitableURLClassLoader: 5944K
Loader org.gradle.internal.classloader.VisitableURLClassLoader                         : 4920K
Loader bootstrap                                                                       : 3255K
Loader org.gradle.initialization.MixInLegacyTypesClassLoader                           : 1473K
Loader jdk.internal.loader.ClassLoaders$AppClassLoader                                 : 1134K
Loader jdk.internal.reflect.DelegatingClassLoader                                      : 113K
Loader jdk.internal.loader.ClassLoaders$PlatformClassLoader                            : 97470B
Loader org.gradle.internal.classloader.VisitableURLClassLoader                         : 28382B
Loader sun.reflect.misc.MethodUtil                                                     : 373B


[error occurred during error reporting (Classloader stats), id 0xe0000001, Out of Memory Error (s\src\hotspot\share\memory\arena.cpp:79)]


---------------  S Y S T E M  ---------------

OS:
 Windows 11 , 64 bit Build 22621 (10.0.22621.4391)
OS uptime: 0 days 12:52 hours

CPU: total 8 (initial active 8) (4 cores per cpu, 2 threads per core) family 6 model 140 stepping 1 microcode 0xb4, cx8, cmov, fxsr, ht, mmx, 3dnowpref, sse, sse2, sse3, ssse3, sse4.1, sse4.2, popcnt, lzcnt, tsc, tscinvbit, avx, avx2, aes, erms, clmul, bmi1, bmi2, adx, avx512f, avx512dq, avx512cd, avx512bw, avx512vl, sha, fma, vzeroupper, avx512_vpopcntdq, avx512_vpclmulqdq, avx512_vaes, avx512_vnni, clflush, clflushopt, clwb, avx512_vbmi2, avx512_vbmi
Processor Information for all 8 processors :
  Max Mhz: 2419, Current Mhz: 2419, Mhz Limit: 2419

Memory: 4k page, system-wide physical 12022M (1120M free)
TotalPageFile size 34087M (AvailPageFile size 5M)
current process WorkingSet (physical memory assigned to process): 601M, peak: 683M
current process commit charge ("private bytes"): 701M, peak: 721M

vm_info: OpenJDK 64-Bit Server VM (17.0.10+0--11609105) for windows-amd64 JRE (17.0.10+0--11609105), built on Mar 21 2024 19:10:56 by "androidbuild" with MS VC++ 16.10 / 16.11 (VS2019)

END.
